2019-03-11 09:35:02.157 INFO [main]com.qn.ThymeleafApplication.logStarting:50 -Starting ThymeleafApplication on yoky.local with PID 787 (/Users/tsningning/IdeaProjects/thymeleaf/target/classes started by youq in /Users/tsningning/IdeaProjects/thymeleaf)
2019-03-11 09:35:02.159 INFO [main]com.qn.ThymeleafApplication.logStartupProfileInfo:675 -No active profile set, falling back to default profiles: default
2019-03-11 09:35:03.179 INFO [main]o.s.boot.web.embedded.tomcat.TomcatWebServer.initialize:90 -Tomcat initialized with port(s): 8080 (http)
2019-03-11 09:35:03.192 INFO [main]org.apache.coyote.http11.Http11NioProtocol.log:173 -Initializing ProtocolHandler ["http-nio-8080"]
2019-03-11 09:35:03.200 INFO [main]org.apache.catalina.core.StandardService.log:173 -Starting service [Tomcat]
2019-03-11 09:35:03.200 INFO [main]org.apache.catalina.core.StandardEngine.log:173 -Starting Servlet engine: [Apache Tomcat/9.0.16]
2019-03-11 09:35:03.205 INFO [main]org.apache.catalina.core.AprLifecycleListener.log:173 -The APR based Apache Tomcat Native library which allows optimal performance in production environments was not found on the java.library.path: [/Users/tsningning/Library/Java/Extensions:/Library/Java/Extensions:/Network/Library/Java/Extensions:/System/Library/Java/Extensions:/usr/lib/java:.]
2019-03-11 09:35:03.271 INFO [main]o.a.catalina.core.ContainerBase.[Tomcat].[localhost].[/].log:173 -Initializing Spring embedded WebApplicationContext
2019-03-11 09:35:03.271 INFO [main]org.springframework.web.context.ContextLoader.prepareWebApplicationContext:296 -Root WebApplicationContext: initialization completed in 1047 ms
2019-03-11 09:35:03.502 INFO [main]o.s.scheduling.concurrent.ThreadPoolTaskExecutor.initialize:171 -Initializing ExecutorService 'applicationTaskExecutor'
2019-03-11 09:35:03.658 INFO [main]o.s.b.a.web.servlet.WelcomePageHandlerMapping.<init>:61 -Adding welcome page template: index
2019-03-11 09:35:03.700 INFO [main]o.s.scheduling.concurrent.ThreadPoolTaskScheduler.initialize:171 -Initializing ExecutorService 'taskScheduler'
2019-03-11 09:35:03.740 INFO [main]org.apache.coyote.http11.Http11NioProtocol.log:173 -Starting ProtocolHandler ["http-nio-8080"]
2019-03-11 09:35:03.795 INFO [main]o.s.boot.web.embedded.tomcat.TomcatWebServer.start:204 -Tomcat started on port(s): 8080 (http) with context path ''
2019-03-11 09:35:03.800 INFO [main]com.qn.ThymeleafApplication.logStarted:59 -Started ThymeleafApplication in 2.182 seconds (JVM running for 2.877)
2019-03-11 09:35:35.077 INFO [http-nio-8080-exec-1]o.a.catalina.core.ContainerBase.[Tomcat].[localhost].[/].log:173 -Initializing Spring DispatcherServlet 'dispatcherServlet'
2019-03-11 09:35:35.077 INFO [http-nio-8080-exec-1]org.springframework.web.servlet.DispatcherServlet.initServletBean:524 -Initializing Servlet 'dispatcherServlet'
2019-03-11 09:35:35.084 INFO [http-nio-8080-exec-1]org.springframework.web.servlet.DispatcherServlet.initServletBean:546 -Completed initialization in 6 ms
2019-03-11 10:02:49.695 INFO [Thread-8]o.s.scheduling.concurrent.ThreadPoolTaskScheduler.shutdown:208 -Shutting down ExecutorService 'taskScheduler'
2019-03-11 10:02:49.696 INFO [Thread-8]o.s.scheduling.concurrent.ThreadPoolTaskExecutor.shutdown:208 -Shutting down ExecutorService 'applicationTaskExecutor'
2019-03-11 10:02:52.689 INFO [main]com.qn.ThymeleafApplication.logStarting:50 -Starting ThymeleafApplication on yoky.local with PID 2961 (/Users/tsningning/IdeaProjects/thymeleaf/target/classes started by youq in /Users/tsningning/IdeaProjects/thymeleaf)
2019-03-11 10:02:52.691 INFO [main]com.qn.ThymeleafApplication.logStartupProfileInfo:675 -No active profile set, falling back to default profiles: default
2019-03-11 10:02:53.611 INFO [main]o.s.boot.web.embedded.tomcat.TomcatWebServer.initialize:90 -Tomcat initialized with port(s): 8080 (http)
2019-03-11 10:02:53.621 INFO [main]org.apache.coyote.http11.Http11NioProtocol.log:173 -Initializing ProtocolHandler ["http-nio-8080"]
2019-03-11 10:02:53.628 INFO [main]org.apache.catalina.core.StandardService.log:173 -Starting service [Tomcat]
2019-03-11 10:02:53.628 INFO [main]org.apache.catalina.core.StandardEngine.log:173 -Starting Servlet engine: [Apache Tomcat/9.0.16]
2019-03-11 10:02:53.633 INFO [main]org.apache.catalina.core.AprLifecycleListener.log:173 -The APR based Apache Tomcat Native library which allows optimal performance in production environments was not found on the java.library.path: [/Users/tsningning/Library/Java/Extensions:/Library/Java/Extensions:/Network/Library/Java/Extensions:/System/Library/Java/Extensions:/usr/lib/java:.]
2019-03-11 10:02:53.691 INFO [main]o.a.catalina.core.ContainerBase.[Tomcat].[localhost].[/].log:173 -Initializing Spring embedded WebApplicationContext
2019-03-11 10:02:53.691 INFO [main]org.springframework.web.context.ContextLoader.prepareWebApplicationContext:296 -Root WebApplicationContext: initialization completed in 947 ms
2019-03-11 10:02:53.876 INFO [main]o.s.scheduling.concurrent.ThreadPoolTaskExecutor.initialize:171 -Initializing ExecutorService 'applicationTaskExecutor'
2019-03-11 10:02:54.016 INFO [main]o.s.b.a.web.servlet.WelcomePageHandlerMapping.<init>:61 -Adding welcome page template: index
2019-03-11 10:02:54.058 INFO [main]o.s.scheduling.concurrent.ThreadPoolTaskScheduler.initialize:171 -Initializing ExecutorService 'taskScheduler'
2019-03-11 10:02:54.085 INFO [main]org.apache.coyote.http11.Http11NioProtocol.log:173 -Starting ProtocolHandler ["http-nio-8080"]
2019-03-11 10:02:54.117 INFO [main]o.s.boot.web.embedded.tomcat.TomcatWebServer.start:204 -Tomcat started on port(s): 8080 (http) with context path ''
2019-03-11 10:02:54.120 INFO [main]com.qn.ThymeleafApplication.logStarted:59 -Started ThymeleafApplication in 1.777 seconds (JVM running for 2.216)
2019-03-11 10:02:55.456 INFO [http-nio-8080-exec-1]o.a.catalina.core.ContainerBase.[Tomcat].[localhost].[/].log:173 -Initializing Spring DispatcherServlet 'dispatcherServlet'
2019-03-11 10:02:55.456 INFO [http-nio-8080-exec-1]org.springframework.web.servlet.DispatcherServlet.initServletBean:524 -Initializing Servlet 'dispatcherServlet'
2019-03-11 10:02:55.460 INFO [http-nio-8080-exec-1]org.springframework.web.servlet.DispatcherServlet.initServletBean:546 -Completed initialization in 4 ms
2019-03-11 10:02:59.232 INFO [Thread-7]o.s.scheduling.concurrent.ThreadPoolTaskScheduler.shutdown:208 -Shutting down ExecutorService 'taskScheduler'
2019-03-11 10:02:59.233 INFO [Thread-7]o.s.scheduling.concurrent.ThreadPoolTaskExecutor.shutdown:208 -Shutting down ExecutorService 'applicationTaskExecutor'
2019-03-11 10:03:34.823 INFO [main]com.qn.ThymeleafApplication.logStarting:50 -Starting ThymeleafApplication on yoky.local with PID 2975 (/Users/tsningning/IdeaProjects/thymeleaf/target/classes started by youq in /Users/tsningning/IdeaProjects/thymeleaf)
2019-03-11 10:03:34.826 INFO [main]com.qn.ThymeleafApplication.logStartupProfileInfo:675 -No active profile set, falling back to default profiles: default
2019-03-11 10:03:35.740 INFO [main]o.s.boot.web.embedded.tomcat.TomcatWebServer.initialize:90 -Tomcat initialized with port(s): 8080 (http)
2019-03-11 10:03:35.751 INFO [main]org.apache.coyote.http11.Http11NioProtocol.log:173 -Initializing ProtocolHandler ["http-nio-8080"]
2019-03-11 10:03:35.758 INFO [main]org.apache.catalina.core.StandardService.log:173 -Starting service [Tomcat]
2019-03-11 10:03:35.758 INFO [main]org.apache.catalina.core.StandardEngine.log:173 -Starting Servlet engine: [Apache Tomcat/9.0.16]
2019-03-11 10:03:35.763 INFO [main]org.apache.catalina.core.AprLifecycleListener.log:173 -The APR based Apache Tomcat Native library which allows optimal performance in production environments was not found on the java.library.path: [/Users/tsningning/Library/Java/Extensions:/Library/Java/Extensions:/Network/Library/Java/Extensions:/System/Library/Java/Extensions:/usr/lib/java:.]
2019-03-11 10:03:35.819 INFO [main]o.a.catalina.core.ContainerBase.[Tomcat].[localhost].[/].log:173 -Initializing Spring embedded WebApplicationContext
2019-03-11 10:03:35.819 INFO [main]org.springframework.web.context.ContextLoader.prepareWebApplicationContext:296 -Root WebApplicationContext: initialization completed in 896 ms
2019-03-11 10:03:35.988 INFO [main]o.s.scheduling.concurrent.ThreadPoolTaskExecutor.initialize:171 -Initializing ExecutorService 'applicationTaskExecutor'
2019-03-11 10:03:36.090 INFO [main]o.s.b.a.web.servlet.WelcomePageHandlerMapping.<init>:61 -Adding welcome page template: index
2019-03-11 10:03:36.130 INFO [main]o.s.scheduling.concurrent.ThreadPoolTaskScheduler.initialize:171 -Initializing ExecutorService 'taskScheduler'
2019-03-11 10:03:36.157 INFO [main]org.apache.coyote.http11.Http11NioProtocol.log:173 -Starting ProtocolHandler ["http-nio-8080"]
2019-03-11 10:03:36.189 INFO [main]o.s.boot.web.embedded.tomcat.TomcatWebServer.start:204 -Tomcat started on port(s): 8080 (http) with context path ''
2019-03-11 10:03:36.192 INFO [main]com.qn.ThymeleafApplication.logStarted:59 -Started ThymeleafApplication in 1.734 seconds (JVM running for 2.274)
2019-03-11 10:03:39.876 INFO [http-nio-8080-exec-1]o.a.catalina.core.ContainerBase.[Tomcat].[localhost].[/].log:173 -Initializing Spring DispatcherServlet 'dispatcherServlet'
2019-03-11 10:03:39.877 INFO [http-nio-8080-exec-1]org.springframework.web.servlet.DispatcherServlet.initServletBean:524 -Initializing Servlet 'dispatcherServlet'
2019-03-11 10:03:39.881 INFO [http-nio-8080-exec-1]org.springframework.web.servlet.DispatcherServlet.initServletBean:546 -Completed initialization in 4 ms
2019-03-11 10:05:13.706 INFO [Thread-7]o.s.scheduling.concurrent.ThreadPoolTaskScheduler.shutdown:208 -Shutting down ExecutorService 'taskScheduler'
2019-03-11 10:05:13.707 INFO [Thread-7]o.s.scheduling.concurrent.ThreadPoolTaskExecutor.shutdown:208 -Shutting down ExecutorService 'applicationTaskExecutor'
2019-03-11 10:05:16.632 INFO [main]com.qn.ThymeleafApplication.logStarting:50 -Starting ThymeleafApplication on yoky.local with PID 3112 (/Users/tsningning/IdeaProjects/thymeleaf/target/classes started by youq in /Users/tsningning/IdeaProjects/thymeleaf)
2019-03-11 10:05:16.635 INFO [main]com.qn.ThymeleafApplication.logStartupProfileInfo:675 -No active profile set, falling back to default profiles: default
2019-03-11 10:05:17.625 INFO [main]o.s.boot.web.embedded.tomcat.TomcatWebServer.initialize:90 -Tomcat initialized with port(s): 8080 (http)
2019-03-11 10:05:17.635 INFO [main]org.apache.coyote.http11.Http11NioProtocol.log:173 -Initializing ProtocolHandler ["http-nio-8080"]
2019-03-11 10:05:17.642 INFO [main]org.apache.catalina.core.StandardService.log:173 -Starting service [Tomcat]
2019-03-11 10:05:17.642 INFO [main]org.apache.catalina.core.StandardEngine.log:173 -Starting Servlet engine: [Apache Tomcat/9.0.16]
2019-03-11 10:05:17.647 INFO [main]org.apache.catalina.core.AprLifecycleListener.log:173 -The APR based Apache Tomcat Native library which allows optimal performance in production environments was not found on the java.library.path: [/Users/tsningning/Library/Java/Extensions:/Library/Java/Extensions:/Network/Library/Java/Extensions:/System/Library/Java/Extensions:/usr/lib/java:.]
2019-03-11 10:05:17.703 INFO [main]o.a.catalina.core.ContainerBase.[Tomcat].[localhost].[/].log:173 -Initializing Spring embedded WebApplicationContext
2019-03-11 10:05:17.703 INFO [main]org.springframework.web.context.ContextLoader.prepareWebApplicationContext:296 -Root WebApplicationContext: initialization completed in 1015 ms
2019-03-11 10:05:17.876 INFO [main]o.s.scheduling.concurrent.ThreadPoolTaskExecutor.initialize:171 -Initializing ExecutorService 'applicationTaskExecutor'
2019-03-11 10:05:17.991 INFO [main]o.s.b.a.web.servlet.WelcomePageHandlerMapping.<init>:61 -Adding welcome page template: index
2019-03-11 10:05:18.018 INFO [main]o.s.scheduling.concurrent.ThreadPoolTaskScheduler.initialize:171 -Initializing ExecutorService 'taskScheduler'
2019-03-11 10:05:18.044 INFO [main]org.apache.coyote.http11.Http11NioProtocol.log:173 -Starting ProtocolHandler ["http-nio-8080"]
2019-03-11 10:05:18.074 INFO [main]o.s.boot.web.embedded.tomcat.TomcatWebServer.start:204 -Tomcat started on port(s): 8080 (http) with context path ''
2019-03-11 10:05:18.077 INFO [main]com.qn.ThymeleafApplication.logStarted:59 -Started ThymeleafApplication in 1.789 seconds (JVM running for 2.196)
2019-03-11 10:05:18.367 INFO [http-nio-8080-exec-1]o.a.catalina.core.ContainerBase.[Tomcat].[localhost].[/].log:173 -Initializing Spring DispatcherServlet 'dispatcherServlet'
2019-03-11 10:05:18.368 INFO [http-nio-8080-exec-1]org.springframework.web.servlet.DispatcherServlet.initServletBean:524 -Initializing Servlet 'dispatcherServlet'
2019-03-11 10:05:18.372 INFO [http-nio-8080-exec-1]org.springframework.web.servlet.DispatcherServlet.initServletBean:546 -Completed initialization in 4 ms
2019-03-11 10:05:35.681 INFO [Thread-7]o.s.scheduling.concurrent.ThreadPoolTaskScheduler.shutdown:208 -Shutting down ExecutorService 'taskScheduler'
2019-03-11 10:05:35.682 INFO [Thread-7]o.s.scheduling.concurrent.ThreadPoolTaskExecutor.shutdown:208 -Shutting down ExecutorService 'applicationTaskExecutor'
2019-03-11 10:08:54.231 INFO [main]com.qn.ThymeleafApplication.logStarting:50 -Starting ThymeleafApplication on yoky.local with PID 3148 (/Users/tsningning/IdeaProjects/thymeleaf/target/classes started by youq in /Users/tsningning/IdeaProjects/thymeleaf)
2019-03-11 10:08:54.235 INFO [main]com.qn.ThymeleafApplication.logStartupProfileInfo:675 -No active profile set, falling back to default profiles: default
2019-03-11 10:08:55.119 INFO [main]o.s.boot.web.embedded.tomcat.TomcatWebServer.initialize:90 -Tomcat initialized with port(s): 8080 (http)
2019-03-11 10:08:55.129 INFO [main]org.apache.coyote.http11.Http11NioProtocol.log:173 -Initializing ProtocolHandler ["http-nio-8080"]
2019-03-11 10:08:55.136 INFO [main]org.apache.catalina.core.StandardService.log:173 -Starting service [Tomcat]
2019-03-11 10:08:55.136 INFO [main]org.apache.catalina.core.StandardEngine.log:173 -Starting Servlet engine: [Apache Tomcat/9.0.16]
2019-03-11 10:08:55.140 INFO [main]org.apache.catalina.core.AprLifecycleListener.log:173 -The APR based Apache Tomcat Native library which allows optimal performance in production environments was not found on the java.library.path: [/Users/tsningning/Library/Java/Extensions:/Library/Java/Extensions:/Network/Library/Java/Extensions:/System/Library/Java/Extensions:/usr/lib/java:.]
2019-03-11 10:08:55.195 INFO [main]o.a.catalina.core.ContainerBase.[Tomcat].[localhost].[/].log:173 -Initializing Spring embedded WebApplicationContext
2019-03-11 10:08:55.195 INFO [main]org.springframework.web.context.ContextLoader.prepareWebApplicationContext:296 -Root WebApplicationContext: initialization completed in 922 ms
2019-03-11 10:08:55.363 INFO [main]o.s.scheduling.concurrent.ThreadPoolTaskExecutor.initialize:171 -Initializing ExecutorService 'applicationTaskExecutor'
2019-03-11 10:08:55.467 INFO [main]o.s.b.a.web.servlet.WelcomePageHandlerMapping.<init>:61 -Adding welcome page template: index
2019-03-11 10:08:55.509 INFO [main]o.s.scheduling.concurrent.ThreadPoolTaskScheduler.initialize:171 -Initializing ExecutorService 'taskScheduler'
2019-03-11 10:08:55.536 INFO [main]org.apache.coyote.http11.Http11NioProtocol.log:173 -Starting ProtocolHandler ["http-nio-8080"]
2019-03-11 10:08:55.567 INFO [main]o.s.boot.web.embedded.tomcat.TomcatWebServer.start:204 -Tomcat started on port(s): 8080 (http) with context path ''
2019-03-11 10:08:55.571 INFO [main]com.qn.ThymeleafApplication.logStarted:59 -Started ThymeleafApplication in 1.72 seconds (JVM running for 2.196)
2019-03-11 10:09:17.566 INFO [Thread-7]o.s.scheduling.concurrent.ThreadPoolTaskScheduler.shutdown:208 -Shutting down ExecutorService 'taskScheduler'
2019-03-11 10:09:17.566 INFO [Thread-7]o.s.scheduling.concurrent.ThreadPoolTaskExecutor.shutdown:208 -Shutting down ExecutorService 'applicationTaskExecutor'
2019-03-11 10:09:20.531 INFO [main]com.qn.ThymeleafApplication.logStarting:50 -Starting ThymeleafApplication on yoky.local with PID 3184 (/Users/tsningning/IdeaProjects/thymeleaf/target/classes started by youq in /Users/tsningning/IdeaProjects/thymeleaf)
2019-03-11 10:09:20.534 INFO [main]com.qn.ThymeleafApplication.logStartupProfileInfo:675 -No active profile set, falling back to default profiles: default
2019-03-11 10:09:21.528 INFO [main]o.s.boot.web.embedded.tomcat.TomcatWebServer.initialize:90 -Tomcat initialized with port(s): 8080 (http)
2019-03-11 10:09:21.538 INFO [main]org.apache.coyote.http11.Http11NioProtocol.log:173 -Initializing ProtocolHandler ["http-nio-8080"]
2019-03-11 10:09:21.545 INFO [main]org.apache.catalina.core.StandardService.log:173 -Starting service [Tomcat]
2019-03-11 10:09:21.546 INFO [main]org.apache.catalina.core.StandardEngine.log:173 -Starting Servlet engine: [Apache Tomcat/9.0.16]
2019-03-11 10:09:21.551 INFO [main]org.apache.catalina.core.AprLifecycleListener.log:173 -The APR based Apache Tomcat Native library which allows optimal performance in production environments was not found on the java.library.path: [/Users/tsningning/Library/Java/Extensions:/Library/Java/Extensions:/Network/Library/Java/Extensions:/System/Library/Java/Extensions:/usr/lib/java:.]
2019-03-11 10:09:21.609 INFO [main]o.a.catalina.core.ContainerBase.[Tomcat].[localhost].[/].log:173 -Initializing Spring embedded WebApplicationContext
2019-03-11 10:09:21.609 INFO [main]org.springframework.web.context.ContextLoader.prepareWebApplicationContext:296 -Root WebApplicationContext: initialization completed in 1039 ms
2019-03-11 10:09:21.798 INFO [main]o.s.scheduling.concurrent.ThreadPoolTaskExecutor.initialize:171 -Initializing ExecutorService 'applicationTaskExecutor'
2019-03-11 10:09:21.904 INFO [main]o.s.b.a.web.servlet.WelcomePageHandlerMapping.<init>:61 -Adding welcome page template: index
2019-03-11 10:09:21.952 INFO [main]o.s.scheduling.concurrent.ThreadPoolTaskScheduler.initialize:171 -Initializing ExecutorService 'taskScheduler'
2019-03-11 10:09:21.980 INFO [main]org.apache.coyote.http11.Http11NioProtocol.log:173 -Starting ProtocolHandler ["http-nio-8080"]
2019-03-11 10:09:22.015 INFO [main]o.s.boot.web.embedded.tomcat.TomcatWebServer.start:204 -Tomcat started on port(s): 8080 (http) with context path ''
2019-03-11 10:09:22.020 INFO [main]com.qn.ThymeleafApplication.logStarted:59 -Started ThymeleafApplication in 1.818 seconds (JVM running for 2.284)
2019-03-11 10:09:27.098 INFO [http-nio-8080-exec-1]o.a.catalina.core.ContainerBase.[Tomcat].[localhost].[/].log:173 -Initializing Spring DispatcherServlet 'dispatcherServlet'
2019-03-11 10:09:27.098 INFO [http-nio-8080-exec-1]org.springframework.web.servlet.DispatcherServlet.initServletBean:524 -Initializing Servlet 'dispatcherServlet'
2019-03-11 10:09:27.103 INFO [http-nio-8080-exec-1]org.springframework.web.servlet.DispatcherServlet.initServletBean:546 -Completed initialization in 5 ms
2019-03-11 10:09:38.838 WARN [http-nio-8080-exec-4]o.s.w.s.mvc.support.DefaultHandlerExceptionResolver.logException:197 -Resolved [org.springframework.web.bind.MissingPathVariableException: Missing URI template variable 'id' for method parameter of type Integer]
2019-03-11 10:09:41.165 INFO [Thread-7]o.s.scheduling.concurrent.ThreadPoolTaskScheduler.shutdown:208 -Shutting down ExecutorService 'taskScheduler'
2019-03-11 10:09:41.166 INFO [Thread-7]o.s.scheduling.concurrent.ThreadPoolTaskExecutor.shutdown:208 -Shutting down ExecutorService 'applicationTaskExecutor'
2019-03-11 10:10:12.491 INFO [main]com.qn.ThymeleafApplication.logStarting:50 -Starting ThymeleafApplication on yoky.local with PID 3218 (/Users/tsningning/IdeaProjects/thymeleaf/target/classes started by youq in /Users/tsningning/IdeaProjects/thymeleaf)
2019-03-11 10:10:12.494 INFO [main]com.qn.ThymeleafApplication.logStartupProfileInfo:675 -No active profile set, falling back to default profiles: default
2019-03-11 10:10:13.385 INFO [main]o.s.boot.web.embedded.tomcat.TomcatWebServer.initialize:90 -Tomcat initialized with port(s): 8080 (http)
2019-03-11 10:10:13.394 INFO [main]org.apache.coyote.http11.Http11NioProtocol.log:173 -Initializing ProtocolHandler ["http-nio-8080"]
2019-03-11 10:10:13.401 INFO [main]org.apache.catalina.core.StandardService.log:173 -Starting service [Tomcat]
2019-03-11 10:10:13.402 INFO [main]org.apache.catalina.core.StandardEngine.log:173 -Starting Servlet engine: [Apache Tomcat/9.0.16]
2019-03-11 10:10:13.406 INFO [main]org.apache.catalina.core.AprLifecycleListener.log:173 -The APR based Apache Tomcat Native library which allows optimal performance in production environments was not found on the java.library.path: [/Users/tsningning/Library/Java/Extensions:/Library/Java/Extensions:/Network/Library/Java/Extensions:/System/Library/Java/Extensions:/usr/lib/java:.]
2019-03-11 10:10:13.462 INFO [main]o.a.catalina.core.ContainerBase.[Tomcat].[localhost].[/].log:173 -Initializing Spring embedded WebApplicationContext
2019-03-11 10:10:13.462 INFO [main]org.springframework.web.context.ContextLoader.prepareWebApplicationContext:296 -Root WebApplicationContext: initialization completed in 926 ms
2019-03-11 10:10:13.633 INFO [main]o.s.scheduling.concurrent.ThreadPoolTaskExecutor.initialize:171 -Initializing ExecutorService 'applicationTaskExecutor'
2019-03-11 10:10:13.739 INFO [main]o.s.b.a.web.servlet.WelcomePageHandlerMapping.<init>:61 -Adding welcome page template: index
2019-03-11 10:10:13.781 INFO [main]o.s.scheduling.concurrent.ThreadPoolTaskScheduler.initialize:171 -Initializing ExecutorService 'taskScheduler'
2019-03-11 10:10:13.807 INFO [main]org.apache.coyote.http11.Http11NioProtocol.log:173 -Starting ProtocolHandler ["http-nio-8080"]
2019-03-11 10:10:13.838 INFO [main]o.s.boot.web.embedded.tomcat.TomcatWebServer.start:204 -Tomcat started on port(s): 8080 (http) with context path ''
2019-03-11 10:10:13.842 INFO [main]com.qn.ThymeleafApplication.logStarted:59 -Started ThymeleafApplication in 1.747 seconds (JVM running for 2.249)
2019-03-11 10:10:20.415 INFO [http-nio-8080-exec-1]o.a.catalina.core.ContainerBase.[Tomcat].[localhost].[/].log:173 -Initializing Spring DispatcherServlet 'dispatcherServlet'
2019-03-11 10:10:20.415 INFO [http-nio-8080-exec-1]org.springframework.web.servlet.DispatcherServlet.initServletBean:524 -Initializing Servlet 'dispatcherServlet'
2019-03-11 10:10:20.420 INFO [http-nio-8080-exec-1]org.springframework.web.servlet.DispatcherServlet.initServletBean:546 -Completed initialization in 5 ms
2019-03-11 10:10:26.230 INFO [Thread-7]o.s.scheduling.concurrent.ThreadPoolTaskScheduler.shutdown:208 -Shutting down ExecutorService 'taskScheduler'
2019-03-11 10:10:26.231 INFO [Thread-7]o.s.scheduling.concurrent.ThreadPoolTaskExecutor.shutdown:208 -Shutting down ExecutorService 'applicationTaskExecutor'
2019-03-11 10:11:10.109 INFO [main]com.qn.ThymeleafApplication.logStarting:50 -Starting ThymeleafApplication on yoky.local with PID 3239 (/Users/tsningning/IdeaProjects/thymeleaf/target/classes started by youq in /Users/tsningning/IdeaProjects/thymeleaf)
2019-03-11 10:11:10.119 INFO [main]com.qn.ThymeleafApplication.logStartupProfileInfo:675 -No active profile set, falling back to default profiles: default
2019-03-11 10:11:11.425 INFO [main]o.s.boot.web.embedded.tomcat.TomcatWebServer.initialize:90 -Tomcat initialized with port(s): 8080 (http)
2019-03-11 10:11:11.447 INFO [main]org.apache.coyote.http11.Http11NioProtocol.log:173 -Initializing ProtocolHandler ["http-nio-8080"]
2019-03-11 10:11:11.457 INFO [main]org.apache.catalina.core.StandardService.log:173 -Starting service [Tomcat]
2019-03-11 10:11:11.457 INFO [main]org.apache.catalina.core.StandardEngine.log:173 -Starting Servlet engine: [Apache Tomcat/9.0.16]
2019-03-11 10:11:11.473 INFO [main]org.apache.catalina.core.AprLifecycleListener.log:173 -The APR based Apache Tomcat Native library which allows optimal performance in production environments was not found on the java.library.path: [/Users/tsningning/Library/Java/Extensions:/Library/Java/Extensions:/Network/Library/Java/Extensions:/System/Library/Java/Extensions:/usr/lib/java:.]
2019-03-11 10:11:11.599 INFO [main]o.a.catalina.core.ContainerBase.[Tomcat].[localhost].[/].log:173 -Initializing Spring embedded WebApplicationContext
2019-03-11 10:11:11.599 INFO [main]org.springframework.web.context.ContextLoader.prepareWebApplicationContext:296 -Root WebApplicationContext: initialization completed in 1378 ms
2019-03-11 10:11:11.908 INFO [main]o.s.scheduling.concurrent.ThreadPoolTaskExecutor.initialize:171 -Initializing ExecutorService 'applicationTaskExecutor'
2019-03-11 10:11:12.070 INFO [main]o.s.b.a.web.servlet.WelcomePageHandlerMapping.<init>:61 -Adding welcome page template: index
2019-03-11 10:11:12.123 INFO [main]o.s.scheduling.concurrent.ThreadPoolTaskScheduler.initialize:171 -Initializing ExecutorService 'taskScheduler'
2019-03-11 10:11:12.167 INFO [main]org.apache.coyote.http11.Http11NioProtocol.log:173 -Starting ProtocolHandler ["http-nio-8080"]
2019-03-11 10:11:12.288 INFO [main]o.s.boot.web.embedded.tomcat.TomcatWebServer.start:204 -Tomcat started on port(s): 8080 (http) with context path ''
2019-03-11 10:11:12.293 INFO [main]com.qn.ThymeleafApplication.logStarted:59 -Started ThymeleafApplication in 3.032 seconds (JVM running for 3.814)
2019-03-11 10:11:18.762 INFO [http-nio-8080-exec-1]o.a.catalina.core.ContainerBase.[Tomcat].[localhost].[/].log:173 -Initializing Spring DispatcherServlet 'dispatcherServlet'
2019-03-11 10:11:18.762 INFO [http-nio-8080-exec-1]org.springframework.web.servlet.DispatcherServlet.initServletBean:524 -Initializing Servlet 'dispatcherServlet'
2019-03-11 10:11:18.769 INFO [http-nio-8080-exec-1]org.springframework.web.servlet.DispatcherServlet.initServletBean:546 -Completed initialization in 7 ms
2019-03-11 10:11:22.733 INFO [Thread-11]o.s.scheduling.concurrent.ThreadPoolTaskScheduler.shutdown:208 -Shutting down ExecutorService 'taskScheduler'
2019-03-11 10:11:22.734 INFO [Thread-11]o.s.scheduling.concurrent.ThreadPoolTaskExecutor.shutdown:208 -Shutting down ExecutorService 'applicationTaskExecutor'
2019-03-11 10:26:11.631 INFO [main]com.qn.ThymeleafApplication.logStarting:50 -Starting ThymeleafApplication on yoky.local with PID 3321 (/Users/tsningning/IdeaProjects/thymeleaf/target/classes started by youq in /Users/tsningning/IdeaProjects/thymeleaf)
2019-03-11 10:26:11.658 INFO [main]com.qn.ThymeleafApplication.logStartupProfileInfo:675 -No active profile set, falling back to default profiles: default
2019-03-11 10:26:12.517 INFO [main]o.s.boot.web.embedded.tomcat.TomcatWebServer.initialize:90 -Tomcat initialized with port(s): 8080 (http)
2019-03-11 10:26:12.528 INFO [main]org.apache.coyote.http11.Http11NioProtocol.log:173 -Initializing ProtocolHandler ["http-nio-8080"]
2019-03-11 10:26:12.535 INFO [main]org.apache.catalina.core.StandardService.log:173 -Starting service [Tomcat]
2019-03-11 10:26:12.535 INFO [main]org.apache.catalina.core.StandardEngine.log:173 -Starting Servlet engine: [Apache Tomcat/9.0.16]
2019-03-11 10:26:12.541 INFO [main]org.apache.catalina.core.AprLifecycleListener.log:173 -The APR based Apache Tomcat Native library which allows optimal performance in production environments was not found on the java.library.path: [/Users/tsningning/Library/Java/Extensions:/Library/Java/Extensions:/Network/Library/Java/Extensions:/System/Library/Java/Extensions:/usr/lib/java:.]
2019-03-11 10:26:12.598 INFO [main]o.a.catalina.core.ContainerBase.[Tomcat].[localhost].[/].log:173 -Initializing Spring embedded WebApplicationContext
2019-03-11 10:26:12.599 INFO [main]org.springframework.web.context.ContextLoader.prepareWebApplicationContext:296 -Root WebApplicationContext: initialization completed in 887 ms
2019-03-11 10:26:12.797 INFO [main]o.s.scheduling.concurrent.ThreadPoolTaskExecutor.initialize:171 -Initializing ExecutorService 'applicationTaskExecutor'
2019-03-11 10:26:12.908 INFO [main]o.s.b.a.web.servlet.WelcomePageHandlerMapping.<init>:61 -Adding welcome page template: index
2019-03-11 10:26:12.949 INFO [main]o.s.scheduling.concurrent.ThreadPoolTaskScheduler.initialize:171 -Initializing ExecutorService 'taskScheduler'
2019-03-11 10:26:12.976 INFO [main]org.apache.coyote.http11.Http11NioProtocol.log:173 -Starting ProtocolHandler ["http-nio-8080"]
2019-03-11 10:26:13.008 INFO [main]o.s.boot.web.embedded.tomcat.TomcatWebServer.start:204 -Tomcat started on port(s): 8080 (http) with context path ''
2019-03-11 10:26:13.012 INFO [main]com.qn.ThymeleafApplication.logStarted:59 -Started ThymeleafApplication in 1.81 seconds (JVM running for 2.292)
2019-03-11 10:26:21.040 INFO [http-nio-8080-exec-1]o.a.catalina.core.ContainerBase.[Tomcat].[localhost].[/].log:173 -Initializing Spring DispatcherServlet 'dispatcherServlet'
2019-03-11 10:26:21.040 INFO [http-nio-8080-exec-1]org.springframework.web.servlet.DispatcherServlet.initServletBean:524 -Initializing Servlet 'dispatcherServlet'
2019-03-11 10:26:21.044 INFO [http-nio-8080-exec-1]org.springframework.web.servlet.DispatcherServlet.initServletBean:546 -Completed initialization in 4 ms
2019-03-11 10:26:31.767 INFO [Thread-7]o.s.scheduling.concurrent.ThreadPoolTaskScheduler.shutdown:208 -Shutting down ExecutorService 'taskScheduler'
2019-03-11 10:26:31.768 INFO [Thread-7]o.s.scheduling.concurrent.ThreadPoolTaskExecutor.shutdown:208 -Shutting down ExecutorService 'applicationTaskExecutor'
2019-03-11 10:26:34.241 INFO [main]com.qn.ThymeleafApplication.logStarting:50 -Starting ThymeleafApplication on yoky.local with PID 3348 (/Users/tsningning/IdeaProjects/thymeleaf/target/classes started by youq in /Users/tsningning/IdeaProjects/thymeleaf)
2019-03-11 10:26:34.245 INFO [main]com.qn.ThymeleafApplication.logStartupProfileInfo:675 -No active profile set, falling back to default profiles: default
2019-03-11 10:26:35.108 INFO [main]o.s.boot.web.embedded.tomcat.TomcatWebServer.initialize:90 -Tomcat initialized with port(s): 8080 (http)
2019-03-11 10:26:35.118 INFO [main]org.apache.coyote.http11.Http11NioProtocol.log:173 -Initializing ProtocolHandler ["http-nio-8080"]
2019-03-11 10:26:35.125 INFO [main]org.apache.catalina.core.StandardService.log:173 -Starting service [Tomcat]
2019-03-11 10:26:35.126 INFO [main]org.apache.catalina.core.StandardEngine.log:173 -Starting Servlet engine: [Apache Tomcat/9.0.16]
2019-03-11 10:26:35.130 INFO [main]org.apache.catalina.core.AprLifecycleListener.log:173 -The APR based Apache Tomcat Native library which allows optimal performance in production environments was not found on the java.library.path: [/Users/tsningning/Library/Java/Extensions:/Library/Java/Extensions:/Network/Library/Java/Extensions:/System/Library/Java/Extensions:/usr/lib/java:.]
2019-03-11 10:26:35.192 INFO [main]o.a.catalina.core.ContainerBase.[Tomcat].[localhost].[/].log:173 -Initializing Spring embedded WebApplicationContext
2019-03-11 10:26:35.193 INFO [main]org.springframework.web.context.ContextLoader.prepareWebApplicationContext:296 -Root WebApplicationContext: initialization completed in 911 ms
2019-03-11 10:26:35.392 INFO [main]o.s.scheduling.concurrent.ThreadPoolTaskExecutor.initialize:171 -Initializing ExecutorService 'applicationTaskExecutor'
2019-03-11 10:26:35.490 INFO [main]o.s.b.a.web.servlet.WelcomePageHandlerMapping.<init>:61 -Adding welcome page template: index
2019-03-11 10:26:35.522 INFO [main]o.s.scheduling.concurrent.ThreadPoolTaskScheduler.initialize:171 -Initializing ExecutorService 'taskScheduler'
2019-03-11 10:26:35.561 INFO [main]org.apache.coyote.http11.Http11NioProtocol.log:173 -Starting ProtocolHandler ["http-nio-8080"]
2019-03-11 10:26:35.592 INFO [main]o.s.boot.web.embedded.tomcat.TomcatWebServer.start:204 -Tomcat started on port(s): 8080 (http) with context path ''
2019-03-11 10:26:35.595 INFO [main]com.qn.ThymeleafApplication.logStarted:59 -Started ThymeleafApplication in 1.688 seconds (JVM running for 2.129)
2019-03-11 10:26:39.616 INFO [http-nio-8080-exec-1]o.a.catalina.core.ContainerBase.[Tomcat].[localhost].[/].log:173 -Initializing Spring DispatcherServlet 'dispatcherServlet'
2019-03-11 10:26:39.616 INFO [http-nio-8080-exec-1]org.springframework.web.servlet.DispatcherServlet.initServletBean:524 -Initializing Servlet 'dispatcherServlet'
2019-03-11 10:26:39.620 INFO [http-nio-8080-exec-1]org.springframework.web.servlet.DispatcherServlet.initServletBean:546 -Completed initialization in 4 ms
2019-03-11 10:27:47.056 INFO [Thread-7]o.s.scheduling.concurrent.ThreadPoolTaskScheduler.shutdown:208 -Shutting down ExecutorService 'taskScheduler'
2019-03-11 10:27:47.057 INFO [Thread-7]o.s.scheduling.concurrent.ThreadPoolTaskExecutor.shutdown:208 -Shutting down ExecutorService 'applicationTaskExecutor'
2019-03-11 10:27:50.125 INFO [main]com.qn.ThymeleafApplication.logStarting:50 -Starting ThymeleafApplication on yoky.local with PID 3458 (/Users/tsningning/IdeaProjects/thymeleaf/target/classes started by youq in /Users/tsningning/IdeaProjects/thymeleaf)
2019-03-11 10:27:50.128 INFO [main]com.qn.ThymeleafApplication.logStartupProfileInfo:675 -No active profile set, falling back to default profiles: default
2019-03-11 10:27:51.016 INFO [main]o.s.boot.web.embedded.tomcat.TomcatWebServer.initialize:90 -Tomcat initialized with port(s): 8080 (http)
2019-03-11 10:27:51.026 INFO [main]org.apache.coyote.http11.Http11NioProtocol.log:173 -Initializing ProtocolHandler ["http-nio-8080"]
2019-03-11 10:27:51.033 INFO [main]org.apache.catalina.core.StandardService.log:173 -Starting service [Tomcat]
2019-03-11 10:27:51.034 INFO [main]org.apache.catalina.core.StandardEngine.log:173 -Starting Servlet engine: [Apache Tomcat/9.0.16]
2019-03-11 10:27:51.038 INFO [main]org.apache.catalina.core.AprLifecycleListener.log:173 -The APR based Apache Tomcat Native library which allows optimal performance in production environments was not found on the java.library.path: [/Users/tsningning/Library/Java/Extensions:/Library/Java/Extensions:/Network/Library/Java/Extensions:/System/Library/Java/Extensions:/usr/lib/java:.]
2019-03-11 10:27:51.092 INFO [main]o.a.catalina.core.ContainerBase.[Tomcat].[localhost].[/].log:173 -Initializing Spring embedded WebApplicationContext
2019-03-11 10:27:51.093 INFO [main]org.springframework.web.context.ContextLoader.prepareWebApplicationContext:296 -Root WebApplicationContext: initialization completed in 927 ms
2019-03-11 10:27:51.263 INFO [main]o.s.scheduling.concurrent.ThreadPoolTaskExecutor.initialize:171 -Initializing ExecutorService 'applicationTaskExecutor'
2019-03-11 10:27:51.366 INFO [main]o.s.b.a.web.servlet.WelcomePageHandlerMapping.<init>:61 -Adding welcome page template: index
2019-03-11 10:27:51.398 INFO [main]o.s.scheduling.concurrent.ThreadPoolTaskScheduler.initialize:171 -Initializing ExecutorService 'taskScheduler'
2019-03-11 10:27:51.441 INFO [main]org.apache.coyote.http11.Http11NioProtocol.log:173 -Starting ProtocolHandler ["http-nio-8080"]
2019-03-11 10:27:51.472 INFO [main]o.s.boot.web.embedded.tomcat.TomcatWebServer.start:204 -Tomcat started on port(s): 8080 (http) with context path ''
2019-03-11 10:27:51.476 INFO [main]com.qn.ThymeleafApplication.logStarted:59 -Started ThymeleafApplication in 1.686 seconds (JVM running for 2.115)
2019-03-11 10:27:53.887 INFO [http-nio-8080-exec-1]o.a.catalina.core.ContainerBase.[Tomcat].[localhost].[/].log:173 -Initializing Spring DispatcherServlet 'dispatcherServlet'
2019-03-11 10:27:53.887 INFO [http-nio-8080-exec-1]org.springframework.web.servlet.DispatcherServlet.initServletBean:524 -Initializing Servlet 'dispatcherServlet'
2019-03-11 10:27:53.891 INFO [http-nio-8080-exec-1]org.springframework.web.servlet.DispatcherServlet.initServletBean:546 -Completed initialization in 4 ms
2019-03-11 10:28:21.518 INFO [Thread-7]o.s.scheduling.concurrent.ThreadPoolTaskScheduler.shutdown:208 -Shutting down ExecutorService 'taskScheduler'
2019-03-11 10:28:21.519 INFO [Thread-7]o.s.scheduling.concurrent.ThreadPoolTaskExecutor.shutdown:208 -Shutting down ExecutorService 'applicationTaskExecutor'
2019-03-11 10:28:24.228 INFO [main]com.qn.ThymeleafApplication.logStarting:50 -Starting ThymeleafApplication on yoky.local with PID 3511 (/Users/tsningning/IdeaProjects/thymeleaf/target/classes started by youq in /Users/tsningning/IdeaProjects/thymeleaf)
2019-03-11 10:28:24.231 INFO [main]com.qn.ThymeleafApplication.logStartupProfileInfo:675 -No active profile set, falling back to default profiles: default
2019-03-11 10:28:25.282 INFO [main]o.s.boot.web.embedded.tomcat.TomcatWebServer.initialize:90 -Tomcat initialized with port(s): 8080 (http)
2019-03-11 10:28:25.297 INFO [main]org.apache.coyote.http11.Http11NioProtocol.log:173 -Initializing ProtocolHandler ["http-nio-8080"]
2019-03-11 10:28:25.306 INFO [main]org.apache.catalina.core.StandardService.log:173 -Starting service [Tomcat]
2019-03-11 10:28:25.306 INFO [main]org.apache.catalina.core.StandardEngine.log:173 -Starting Servlet engine: [Apache Tomcat/9.0.16]
2019-03-11 10:28:25.312 INFO [main]org.apache.catalina.core.AprLifecycleListener.log:173 -The APR based Apache Tomcat Native library which allows optimal performance in production environments was not found on the java.library.path: [/Users/tsningning/Library/Java/Extensions:/Library/Java/Extensions:/Network/Library/Java/Extensions:/System/Library/Java/Extensions:/usr/lib/java:.]
2019-03-11 10:28:25.384 INFO [main]o.a.catalina.core.ContainerBase.[Tomcat].[localhost].[/].log:173 -Initializing Spring embedded WebApplicationContext
2019-03-11 10:28:25.384 INFO [main]org.springframework.web.context.ContextLoader.prepareWebApplicationContext:296 -Root WebApplicationContext: initialization completed in 1090 ms
2019-03-11 10:28:25.585 INFO [main]o.s.scheduling.concurrent.ThreadPoolTaskExecutor.initialize:171 -Initializing ExecutorService 'applicationTaskExecutor'
2019-03-11 10:28:25.671 INFO [main]o.s.b.a.web.servlet.WelcomePageHandlerMapping.<init>:61 -Adding welcome page template: index
2019-03-11 10:28:25.697 INFO [main]o.s.scheduling.concurrent.ThreadPoolTaskScheduler.initialize:171 -Initializing ExecutorService 'taskScheduler'
2019-03-11 10:28:25.723 INFO [main]org.apache.coyote.http11.Http11NioProtocol.log:173 -Starting ProtocolHandler ["http-nio-8080"]
2019-03-11 10:28:25.753 INFO [main]o.s.boot.web.embedded.tomcat.TomcatWebServer.start:204 -Tomcat started on port(s): 8080 (http) with context path ''
2019-03-11 10:28:25.756 INFO [main]com.qn.ThymeleafApplication.logStarted:59 -Started ThymeleafApplication in 1.883 seconds (JVM running for 2.297)
2019-03-11 10:28:28.928 INFO [http-nio-8080-exec-1]o.a.catalina.core.ContainerBase.[Tomcat].[localhost].[/].log:173 -Initializing Spring DispatcherServlet 'dispatcherServlet'
2019-03-11 10:28:28.928 INFO [http-nio-8080-exec-1]org.springframework.web.servlet.DispatcherServlet.initServletBean:524 -Initializing Servlet 'dispatcherServlet'
2019-03-11 10:28:28.933 INFO [http-nio-8080-exec-1]org.springframework.web.servlet.DispatcherServlet.initServletBean:546 -Completed initialization in 5 ms
2019-03-11 10:29:47.991 INFO [Thread-7]o.s.scheduling.concurrent.ThreadPoolTaskScheduler.shutdown:208 -Shutting down ExecutorService 'taskScheduler'
2019-03-11 10:29:47.991 INFO [Thread-7]o.s.scheduling.concurrent.ThreadPoolTaskExecutor.shutdown:208 -Shutting down ExecutorService 'applicationTaskExecutor'
2019-03-11 10:30:25.666 INFO [main]com.qn.ThymeleafApplication.logStarting:50 -Starting ThymeleafApplication on yoky.local with PID 3638 (/Users/tsningning/IdeaProjects/thymeleaf/target/classes started by youq in /Users/tsningning/IdeaProjects/thymeleaf)
2019-03-11 10:30:25.679 INFO [main]com.qn.ThymeleafApplication.logStartupProfileInfo:675 -No active profile set, falling back to default profiles: default
2019-03-11 10:30:26.534 INFO [main]o.s.boot.web.embedded.tomcat.TomcatWebServer.initialize:90 -Tomcat initialized with port(s): 8080 (http)
2019-03-11 10:30:26.544 INFO [main]org.apache.coyote.http11.Http11NioProtocol.log:173 -Initializing ProtocolHandler ["http-nio-8080"]
2019-03-11 10:30:26.551 INFO [main]org.apache.catalina.core.StandardService.log:173 -Starting service [Tomcat]
2019-03-11 10:30:26.552 INFO [main]org.apache.catalina.core.StandardEngine.log:173 -Starting Servlet engine: [Apache Tomcat/9.0.16]
2019-03-11 10:30:26.556 INFO [main]org.apache.catalina.core.AprLifecycleListener.log:173 -The APR based Apache Tomcat Native library which allows optimal performance in production environments was not found on the java.library.path: [/Users/tsningning/Library/Java/Extensions:/Library/Java/Extensions:/Network/Library/Java/Extensions:/System/Library/Java/Extensions:/usr/lib/java:.]
2019-03-11 10:30:26.616 INFO [main]o.a.catalina.core.ContainerBase.[Tomcat].[localhost].[/].log:173 -Initializing Spring embedded WebApplicationContext
2019-03-11 10:30:26.618 INFO [main]org.springframework.web.context.ContextLoader.prepareWebApplicationContext:296 -Root WebApplicationContext: initialization completed in 905 ms
2019-03-11 10:30:26.804 INFO [main]o.s.scheduling.concurrent.ThreadPoolTaskExecutor.initialize:171 -Initializing ExecutorService 'applicationTaskExecutor'
2019-03-11 10:30:26.906 INFO [main]o.s.b.a.web.servlet.WelcomePageHandlerMapping.<init>:61 -Adding welcome page template: index
2019-03-11 10:30:26.973 INFO [main]o.s.scheduling.concurrent.ThreadPoolTaskScheduler.initialize:171 -Initializing ExecutorService 'taskScheduler'
2019-03-11 10:30:27.023 INFO [main]org.apache.coyote.http11.Http11NioProtocol.log:173 -Starting ProtocolHandler ["http-nio-8080"]
2019-03-11 10:30:27.061 INFO [main]o.s.boot.web.embedded.tomcat.TomcatWebServer.start:204 -Tomcat started on port(s): 8080 (http) with context path ''
2019-03-11 10:30:27.065 INFO [main]com.qn.ThymeleafApplication.logStarted:59 -Started ThymeleafApplication in 1.834 seconds (JVM running for 2.29)
2019-03-11 10:30:28.379 INFO [http-nio-8080-exec-1]o.a.catalina.core.ContainerBase.[Tomcat].[localhost].[/].log:173 -Initializing Spring DispatcherServlet 'dispatcherServlet'
2019-03-11 10:30:28.380 INFO [http-nio-8080-exec-1]org.springframework.web.servlet.DispatcherServlet.initServletBean:524 -Initializing Servlet 'dispatcherServlet'
2019-03-11 10:30:28.385 INFO [http-nio-8080-exec-1]org.springframework.web.servlet.DispatcherServlet.initServletBean:546 -Completed initialization in 5 ms
2019-03-11 10:30:39.277 INFO [Thread-7]o.s.scheduling.concurrent.ThreadPoolTaskScheduler.shutdown:208 -Shutting down ExecutorService 'taskScheduler'
2019-03-11 10:30:39.278 INFO [Thread-7]o.s.scheduling.concurrent.ThreadPoolTaskExecutor.shutdown:208 -Shutting down ExecutorService 'applicationTaskExecutor'
2019-03-11 10:30:45.545 INFO [main]com.qn.ThymeleafApplication.logStarting:50 -Starting ThymeleafApplication on yoky.local with PID 3658 (/Users/tsningning/IdeaProjects/thymeleaf/target/classes started by youq in /Users/tsningning/IdeaProjects/thymeleaf)
2019-03-11 10:30:45.548 INFO [main]com.qn.ThymeleafApplication.logStartupProfileInfo:675 -No active profile set, falling back to default profiles: default
2019-03-11 10:30:46.440 INFO [main]o.s.boot.web.embedded.tomcat.TomcatWebServer.initialize:90 -Tomcat initialized with port(s): 8080 (http)
2019-03-11 10:30:46.451 INFO [main]org.apache.coyote.http11.Http11NioProtocol.log:173 -Initializing ProtocolHandler ["http-nio-8080"]
2019-03-11 10:30:46.457 INFO [main]org.apache.catalina.core.StandardService.log:173 -Starting service [Tomcat]
2019-03-11 10:30:46.458 INFO [main]org.apache.catalina.core.StandardEngine.log:173 -Starting Servlet engine: [Apache Tomcat/9.0.16]
2019-03-11 10:30:46.462 INFO [main]org.apache.catalina.core.AprLifecycleListener.log:173 -The APR based Apache Tomcat Native library which allows optimal performance in production environments was not found on the java.library.path: [/Users/tsningning/Library/Java/Extensions:/Library/Java/Extensions:/Network/Library/Java/Extensions:/System/Library/Java/Extensions:/usr/lib/java:.]
2019-03-11 10:30:46.518 INFO [main]o.a.catalina.core.ContainerBase.[Tomcat].[localhost].[/].log:173 -Initializing Spring embedded WebApplicationContext
2019-03-11 10:30:46.518 INFO [main]org.springframework.web.context.ContextLoader.prepareWebApplicationContext:296 -Root WebApplicationContext: initialization completed in 919 ms
2019-03-11 10:30:46.686 INFO [main]o.s.scheduling.concurrent.ThreadPoolTaskExecutor.initialize:171 -Initializing ExecutorService 'applicationTaskExecutor'
2019-03-11 10:30:46.786 INFO [main]o.s.b.a.web.servlet.WelcomePageHandlerMapping.<init>:61 -Adding welcome page template: index
2019-03-11 10:30:46.827 INFO [main]o.s.scheduling.concurrent.ThreadPoolTaskScheduler.initialize:171 -Initializing ExecutorService 'taskScheduler'
2019-03-11 10:30:46.855 INFO [main]org.apache.coyote.http11.Http11NioProtocol.log:173 -Starting ProtocolHandler ["http-nio-8080"]
2019-03-11 10:30:46.886 INFO [main]o.s.boot.web.embedded.tomcat.TomcatWebServer.start:204 -Tomcat started on port(s): 8080 (http) with context path ''
2019-03-11 10:30:46.890 INFO [main]com.qn.ThymeleafApplication.logStarted:59 -Started ThymeleafApplication in 1.686 seconds (JVM running for 2.12)
2019-03-11 10:31:08.180 INFO [Thread-7]o.s.scheduling.concurrent.ThreadPoolTaskScheduler.shutdown:208 -Shutting down ExecutorService 'taskScheduler'
2019-03-11 10:31:08.181 INFO [Thread-7]o.s.scheduling.concurrent.ThreadPoolTaskExecutor.shutdown:208 -Shutting down ExecutorService 'applicationTaskExecutor'
2019-03-11 10:31:11.142 INFO [main]com.qn.ThymeleafApplication.logStarting:50 -Starting ThymeleafApplication on yoky.local with PID 3691 (/Users/tsningning/IdeaProjects/thymeleaf/target/classes started by youq in /Users/tsningning/IdeaProjects/thymeleaf)
2019-03-11 10:31:11.144 INFO [main]com.qn.ThymeleafApplication.logStartupProfileInfo:675 -No active profile set, falling back to default profiles: default
2019-03-11 10:31:12.039 INFO [main]o.s.boot.web.embedded.tomcat.TomcatWebServer.initialize:90 -Tomcat initialized with port(s): 8080 (http)
2019-03-11 10:31:12.050 INFO [main]org.apache.coyote.http11.Http11NioProtocol.log:173 -Initializing ProtocolHandler ["http-nio-8080"]
2019-03-11 10:31:12.057 INFO [main]org.apache.catalina.core.StandardService.log:173 -Starting service [Tomcat]
2019-03-11 10:31:12.057 INFO [main]org.apache.catalina.core.StandardEngine.log:173 -Starting Servlet engine: [Apache Tomcat/9.0.16]
2019-03-11 10:31:12.062 INFO [main]org.apache.catalina.core.AprLifecycleListener.log:173 -The APR based Apache Tomcat Native library which allows optimal performance in production environments was not found on the java.library.path: [/Users/tsningning/Library/Java/Extensions:/Library/Java/Extensions:/Network/Library/Java/Extensions:/System/Library/Java/Extensions:/usr/lib/java:.]
2019-03-11 10:31:12.117 INFO [main]o.a.catalina.core.ContainerBase.[Tomcat].[localhost].[/].log:173 -Initializing Spring embedded WebApplicationContext
2019-03-11 10:31:12.117 INFO [main]org.springframework.web.context.ContextLoader.prepareWebApplicationContext:296 -Root WebApplicationContext: initialization completed in 941 ms
2019-03-11 10:31:12.288 INFO [main]o.s.scheduling.concurrent.ThreadPoolTaskExecutor.initialize:171 -Initializing ExecutorService 'applicationTaskExecutor'
2019-03-11 10:31:12.386 INFO [main]o.s.b.a.web.servlet.WelcomePageHandlerMapping.<init>:61 -Adding welcome page template: index
2019-03-11 10:31:12.418 INFO [main]o.s.scheduling.concurrent.ThreadPoolTaskScheduler.initialize:171 -Initializing ExecutorService 'taskScheduler'
2019-03-11 10:31:12.457 INFO [main]org.apache.coyote.http11.Http11NioProtocol.log:173 -Starting ProtocolHandler ["http-nio-8080"]
2019-03-11 10:31:12.488 INFO [main]o.s.boot.web.embedded.tomcat.TomcatWebServer.start:204 -Tomcat started on port(s): 8080 (http) with context path ''
2019-03-11 10:31:12.491 INFO [main]com.qn.ThymeleafApplication.logStarted:59 -Started ThymeleafApplication in 1.671 seconds (JVM running for 2.089)
2019-03-11 10:31:20.760 INFO [http-nio-8080-exec-1]o.a.catalina.core.ContainerBase.[Tomcat].[localhost].[/].log:173 -Initializing Spring DispatcherServlet 'dispatcherServlet'
2019-03-11 10:31:20.760 INFO [http-nio-8080-exec-1]org.springframework.web.servlet.DispatcherServlet.initServletBean:524 -Initializing Servlet 'dispatcherServlet'
2019-03-11 10:31:20.764 INFO [http-nio-8080-exec-1]org.springframework.web.servlet.DispatcherServlet.initServletBean:546 -Completed initialization in 4 ms
2019-03-11 10:31:50.077 INFO [Thread-7]o.s.scheduling.concurrent.ThreadPoolTaskScheduler.shutdown:208 -Shutting down ExecutorService 'taskScheduler'
2019-03-11 10:31:50.078 INFO [Thread-7]o.s.scheduling.concurrent.ThreadPoolTaskExecutor.shutdown:208 -Shutting down ExecutorService 'applicationTaskExecutor'
2019-03-11 10:31:54.461 INFO [main]com.qn.ThymeleafApplication.logStarting:50 -Starting ThymeleafApplication on yoky.local with PID 3745 (/Users/tsningning/IdeaProjects/thymeleaf/target/classes started by youq in /Users/tsningning/IdeaProjects/thymeleaf)
2019-03-11 10:31:54.465 INFO [main]com.qn.ThymeleafApplication.logStartupProfileInfo:675 -No active profile set, falling back to default profiles: default
2019-03-11 10:31:55.507 INFO [main]o.s.boot.web.embedded.tomcat.TomcatWebServer.initialize:90 -Tomcat initialized with port(s): 8080 (http)
2019-03-11 10:31:55.517 INFO [main]org.apache.coyote.http11.Http11NioProtocol.log:173 -Initializing ProtocolHandler ["http-nio-8080"]
2019-03-11 10:31:55.524 INFO [main]org.apache.catalina.core.StandardService.log:173 -Starting service [Tomcat]
2019-03-11 10:31:55.524 INFO [main]org.apache.catalina.core.StandardEngine.log:173 -Starting Servlet engine: [Apache Tomcat/9.0.16]
2019-03-11 10:31:55.529 INFO [main]org.apache.catalina.core.AprLifecycleListener.log:173 -The APR based Apache Tomcat Native library which allows optimal performance in production environments was not found on the java.library.path: [/Users/tsningning/Library/Java/Extensions:/Library/Java/Extensions:/Network/Library/Java/Extensions:/System/Library/Java/Extensions:/usr/lib/java:.]
2019-03-11 10:31:55.585 INFO [main]o.a.catalina.core.ContainerBase.[Tomcat].[localhost].[/].log:173 -Initializing Spring embedded WebApplicationContext
2019-03-11 10:31:55.585 INFO [main]org.springframework.web.context.ContextLoader.prepareWebApplicationContext:296 -Root WebApplicationContext: initialization completed in 1064 ms
2019-03-11 10:31:55.761 INFO [main]o.s.scheduling.concurrent.ThreadPoolTaskExecutor.initialize:171 -Initializing ExecutorService 'applicationTaskExecutor'
2019-03-11 10:31:55.860 INFO [main]o.s.b.a.web.servlet.WelcomePageHandlerMapping.<init>:61 -Adding welcome page template: index
2019-03-11 10:31:55.904 INFO [main]o.s.scheduling.concurrent.ThreadPoolTaskScheduler.initialize:171 -Initializing ExecutorService 'taskScheduler'
2019-03-11 10:31:55.931 INFO [main]org.apache.coyote.http11.Http11NioProtocol.log:173 -Starting ProtocolHandler ["http-nio-8080"]
2019-03-11 10:31:55.962 INFO [main]o.s.boot.web.embedded.tomcat.TomcatWebServer.start:204 -Tomcat started on port(s): 8080 (http) with context path ''
2019-03-11 10:31:55.965 INFO [main]com.qn.ThymeleafApplication.logStarted:59 -Started ThymeleafApplication in 1.834 seconds (JVM running for 2.284)
2019-03-11 10:32:03.772 INFO [http-nio-8080-exec-1]o.a.catalina.core.ContainerBase.[Tomcat].[localhost].[/].log:173 -Initializing Spring DispatcherServlet 'dispatcherServlet'
2019-03-11 10:32:03.772 INFO [http-nio-8080-exec-1]org.springframework.web.servlet.DispatcherServlet.initServletBean:524 -Initializing Servlet 'dispatcherServlet'
2019-03-11 10:32:03.776 INFO [http-nio-8080-exec-1]org.springframework.web.servlet.DispatcherServlet.initServletBean:546 -Completed initialization in 4 ms
2019-03-11 10:32:14.227 INFO [Thread-7]o.s.scheduling.concurrent.ThreadPoolTaskScheduler.shutdown:208 -Shutting down ExecutorService 'taskScheduler'
2019-03-11 10:32:14.228 INFO [Thread-7]o.s.scheduling.concurrent.ThreadPoolTaskExecutor.shutdown:208 -Shutting down ExecutorService 'applicationTaskExecutor'
2019-03-11 10:32:19.189 INFO [main]com.qn.ThymeleafApplication.logStarting:50 -Starting ThymeleafApplication on yoky.local with PID 3781 (/Users/tsningning/IdeaProjects/thymeleaf/target/classes started by youq in /Users/tsningning/IdeaProjects/thymeleaf)
2019-03-11 10:32:19.191 INFO [main]com.qn.ThymeleafApplication.logStartupProfileInfo:675 -No active profile set, falling back to default profiles: default
2019-03-11 10:32:20.103 INFO [main]o.s.boot.web.embedded.tomcat.TomcatWebServer.initialize:90 -Tomcat initialized with port(s): 8080 (http)
2019-03-11 10:32:20.113 INFO [main]org.apache.coyote.http11.Http11NioProtocol.log:173 -Initializing ProtocolHandler ["http-nio-8080"]
2019-03-11 10:32:20.121 INFO [main]org.apache.catalina.core.StandardService.log:173 -Starting service [Tomcat]
2019-03-11 10:32:20.121 INFO [main]org.apache.catalina.core.StandardEngine.log:173 -Starting Servlet engine: [Apache Tomcat/9.0.16]
2019-03-11 10:32:20.126 INFO [main]org.apache.catalina.core.AprLifecycleListener.log:173 -The APR based Apache Tomcat Native library which allows optimal performance in production environments was not found on the java.library.path: [/Users/tsningning/Library/Java/Extensions:/Library/Java/Extensions:/Network/Library/Java/Extensions:/System/Library/Java/Extensions:/usr/lib/java:.]
2019-03-11 10:32:20.181 INFO [main]o.a.catalina.core.ContainerBase.[Tomcat].[localhost].[/].log:173 -Initializing Spring embedded WebApplicationContext
2019-03-11 10:32:20.182 INFO [main]org.springframework.web.context.ContextLoader.prepareWebApplicationContext:296 -Root WebApplicationContext: initialization completed in 955 ms
2019-03-11 10:32:20.356 INFO [main]o.s.scheduling.concurrent.ThreadPoolTaskExecutor.initialize:171 -Initializing ExecutorService 'applicationTaskExecutor'
2019-03-11 10:32:20.462 INFO [main]o.s.b.a.web.servlet.WelcomePageHandlerMapping.<init>:61 -Adding welcome page template: index
2019-03-11 10:32:20.494 INFO [main]o.s.scheduling.concurrent.ThreadPoolTaskScheduler.initialize:171 -Initializing ExecutorService 'taskScheduler'
2019-03-11 10:32:20.526 INFO [main]org.apache.coyote.http11.Http11NioProtocol.log:173 -Starting ProtocolHandler ["http-nio-8080"]
2019-03-11 10:32:20.570 INFO [main]o.s.boot.web.embedded.tomcat.TomcatWebServer.start:204 -Tomcat started on port(s): 8080 (http) with context path ''
2019-03-11 10:32:20.574 INFO [main]com.qn.ThymeleafApplication.logStarted:59 -Started ThymeleafApplication in 1.766 seconds (JVM running for 2.235)
2019-03-11 10:32:28.550 INFO [http-nio-8080-exec-1]o.a.catalina.core.ContainerBase.[Tomcat].[localhost].[/].log:173 -Initializing Spring DispatcherServlet 'dispatcherServlet'
2019-03-11 10:32:28.550 INFO [http-nio-8080-exec-1]org.springframework.web.servlet.DispatcherServlet.initServletBean:524 -Initializing Servlet 'dispatcherServlet'
2019-03-11 10:32:28.554 INFO [http-nio-8080-exec-1]org.springframework.web.servlet.DispatcherServlet.initServletBean:546 -Completed initialization in 4 ms
2019-03-11 10:34:18.752 INFO [Thread-7]o.s.scheduling.concurrent.ThreadPoolTaskScheduler.shutdown:208 -Shutting down ExecutorService 'taskScheduler'
2019-03-11 10:34:18.754 INFO [Thread-7]o.s.scheduling.concurrent.ThreadPoolTaskExecutor.shutdown:208 -Shutting down ExecutorService 'applicationTaskExecutor'
2019-03-11 10:49:37.273 INFO [main]com.qn.ThymeleafApplication.logStarting:50 -Starting ThymeleafApplication on yoky.local with PID 4051 (/Users/tsningning/IdeaProjects/thymeleaf/target/classes started by youq in /Users/tsningning/IdeaProjects/thymeleaf)
2019-03-11 10:49:37.275 INFO [main]com.qn.ThymeleafApplication.logStartupProfileInfo:675 -No active profile set, falling back to default profiles: default
2019-03-11 10:49:38.170 INFO [main]o.s.boot.web.embedded.tomcat.TomcatWebServer.initialize:90 -Tomcat initialized with port(s): 8080 (http)
2019-03-11 10:49:38.180 INFO [main]org.apache.coyote.http11.Http11NioProtocol.log:173 -Initializing ProtocolHandler ["http-nio-8080"]
2019-03-11 10:49:38.187 INFO [main]org.apache.catalina.core.StandardService.log:173 -Starting service [Tomcat]
2019-03-11 10:49:38.188 INFO [main]org.apache.catalina.core.StandardEngine.log:173 -Starting Servlet engine: [Apache Tomcat/9.0.16]
2019-03-11 10:49:38.192 INFO [main]org.apache.catalina.core.AprLifecycleListener.log:173 -The APR based Apache Tomcat Native library which allows optimal performance in production environments was not found on the java.library.path: [/Users/tsningning/Library/Java/Extensions:/Library/Java/Extensions:/Network/Library/Java/Extensions:/System/Library/Java/Extensions:/usr/lib/java:.]
2019-03-11 10:49:38.248 INFO [main]o.a.catalina.core.ContainerBase.[Tomcat].[localhost].[/].log:173 -Initializing Spring embedded WebApplicationContext
2019-03-11 10:49:38.248 INFO [main]org.springframework.web.context.ContextLoader.prepareWebApplicationContext:296 -Root WebApplicationContext: initialization completed in 881 ms
2019-03-11 10:49:38.415 INFO [main]o.s.scheduling.concurrent.ThreadPoolTaskExecutor.initialize:171 -Initializing ExecutorService 'applicationTaskExecutor'
2019-03-11 10:49:38.519 INFO [main]o.s.b.a.web.servlet.WelcomePageHandlerMapping.<init>:61 -Adding welcome page template: index
2019-03-11 10:49:38.558 INFO [main]o.s.scheduling.concurrent.ThreadPoolTaskScheduler.initialize:171 -Initializing ExecutorService 'taskScheduler'
2019-03-11 10:49:38.585 INFO [main]org.apache.coyote.http11.Http11NioProtocol.log:173 -Starting ProtocolHandler ["http-nio-8080"]
2019-03-11 10:49:38.617 INFO [main]o.s.boot.web.embedded.tomcat.TomcatWebServer.start:204 -Tomcat started on port(s): 8080 (http) with context path ''
2019-03-11 10:49:38.621 INFO [main]com.qn.ThymeleafApplication.logStarted:59 -Started ThymeleafApplication in 1.732 seconds (JVM running for 2.199)
2019-03-11 10:53:46.629 INFO [Thread-7]o.s.scheduling.concurrent.ThreadPoolTaskScheduler.shutdown:208 -Shutting down ExecutorService 'taskScheduler'
2019-03-11 10:53:46.630 INFO [Thread-7]o.s.scheduling.concurrent.ThreadPoolTaskExecutor.shutdown:208 -Shutting down ExecutorService 'applicationTaskExecutor'
2019-03-11 10:54:57.971 INFO [main]com.qn.ThymeleafApplication.logStarting:50 -Starting ThymeleafApplication on yoky.local with PID 4072 (/Users/tsningning/IdeaProjects/thymeleaf/target/classes started by youq in /Users/tsningning/IdeaProjects/thymeleaf)
2019-03-11 10:54:57.974 INFO [main]com.qn.ThymeleafApplication.logStartupProfileInfo:675 -No active profile set, falling back to default profiles: default
2019-03-11 10:54:58.841 INFO [main]o.s.boot.web.embedded.tomcat.TomcatWebServer.initialize:90 -Tomcat initialized with port(s): 8080 (http)
2019-03-11 10:54:58.851 INFO [main]org.apache.coyote.http11.Http11NioProtocol.log:173 -Initializing ProtocolHandler ["http-nio-8080"]
2019-03-11 10:54:58.858 INFO [main]org.apache.catalina.core.StandardService.log:173 -Starting service [Tomcat]
2019-03-11 10:54:58.858 INFO [main]org.apache.catalina.core.StandardEngine.log:173 -Starting Servlet engine: [Apache Tomcat/9.0.16]
2019-03-11 10:54:58.863 INFO [main]org.apache.catalina.core.AprLifecycleListener.log:173 -The APR based Apache Tomcat Native library which allows optimal performance in production environments was not found on the java.library.path: [/Users/tsningning/Library/Java/Extensions:/Library/Java/Extensions:/Network/Library/Java/Extensions:/System/Library/Java/Extensions:/usr/lib/java:.]
2019-03-11 10:54:58.918 INFO [main]o.a.catalina.core.ContainerBase.[Tomcat].[localhost].[/].log:173 -Initializing Spring embedded WebApplicationContext
2019-03-11 10:54:58.918 INFO [main]org.springframework.web.context.ContextLoader.prepareWebApplicationContext:296 -Root WebApplicationContext: initialization completed in 907 ms
2019-03-11 10:54:59.087 INFO [main]o.s.scheduling.concurrent.ThreadPoolTaskExecutor.initialize:171 -Initializing ExecutorService 'applicationTaskExecutor'
2019-03-11 10:54:59.187 INFO [main]o.s.b.a.web.servlet.WelcomePageHandlerMapping.<init>:61 -Adding welcome page template: index
2019-03-11 10:54:59.231 INFO [main]o.s.scheduling.concurrent.ThreadPoolTaskScheduler.initialize:171 -Initializing ExecutorService 'taskScheduler'
2019-03-11 10:54:59.257 INFO [main]org.apache.coyote.http11.Http11NioProtocol.log:173 -Starting ProtocolHandler ["http-nio-8080"]
2019-03-11 10:54:59.289 INFO [main]o.s.boot.web.embedded.tomcat.TomcatWebServer.start:204 -Tomcat started on port(s): 8080 (http) with context path ''
2019-03-11 10:54:59.292 INFO [main]com.qn.ThymeleafApplication.logStarted:59 -Started ThymeleafApplication in 1.663 seconds (JVM running for 2.086)
2019-03-11 10:56:35.835 INFO [Thread-7]o.s.scheduling.concurrent.ThreadPoolTaskScheduler.shutdown:208 -Shutting down ExecutorService 'taskScheduler'
2019-03-11 10:56:35.836 INFO [Thread-7]o.s.scheduling.concurrent.ThreadPoolTaskExecutor.shutdown:208 -Shutting down ExecutorService 'applicationTaskExecutor'
2019-03-11 10:56:38.214 INFO [main]com.qn.ThymeleafApplication.logStarting:50 -Starting ThymeleafApplication on yoky.local with PID 4089 (/Users/tsningning/IdeaProjects/thymeleaf/target/classes started by youq in /Users/tsningning/IdeaProjects/thymeleaf)
2019-03-11 10:56:38.217 INFO [main]com.qn.ThymeleafApplication.logStartupProfileInfo:675 -No active profile set, falling back to default profiles: default
2019-03-11 10:56:39.175 INFO [main]o.s.boot.web.embedded.tomcat.TomcatWebServer.initialize:90 -Tomcat initialized with port(s): 8080 (http)
2019-03-11 10:56:39.188 INFO [main]org.apache.coyote.http11.Http11NioProtocol.log:173 -Initializing ProtocolHandler ["http-nio-8080"]
2019-03-11 10:56:39.197 INFO [main]org.apache.catalina.core.StandardService.log:173 -Starting service [Tomcat]
2019-03-11 10:56:39.197 INFO [main]org.apache.catalina.core.StandardEngine.log:173 -Starting Servlet engine: [Apache Tomcat/9.0.16]
2019-03-11 10:56:39.203 INFO [main]org.apache.catalina.core.AprLifecycleListener.log:173 -The APR based Apache Tomcat Native library which allows optimal performance in production environments was not found on the java.library.path: [/Users/tsningning/Library/Java/Extensions:/Library/Java/Extensions:/Network/Library/Java/Extensions:/System/Library/Java/Extensions:/usr/lib/java:.]
2019-03-11 10:56:39.268 INFO [main]o.a.catalina.core.ContainerBase.[Tomcat].[localhost].[/].log:173 -Initializing Spring embedded WebApplicationContext
2019-03-11 10:56:39.269 INFO [main]org.springframework.web.context.ContextLoader.prepareWebApplicationContext:296 -Root WebApplicationContext: initialization completed in 1023 ms
2019-03-11 10:56:39.456 INFO [main]o.s.scheduling.concurrent.ThreadPoolTaskExecutor.initialize:171 -Initializing ExecutorService 'applicationTaskExecutor'
2019-03-11 10:56:39.557 INFO [main]o.s.b.a.web.servlet.WelcomePageHandlerMapping.<init>:61 -Adding welcome page template: index
2019-03-11 10:56:39.584 INFO [main]o.s.scheduling.concurrent.ThreadPoolTaskScheduler.initialize:171 -Initializing ExecutorService 'taskScheduler'
2019-03-11 10:56:39.611 INFO [main]org.apache.coyote.http11.Http11NioProtocol.log:173 -Starting ProtocolHandler ["http-nio-8080"]
2019-03-11 10:56:39.641 INFO [main]o.s.boot.web.embedded.tomcat.TomcatWebServer.start:204 -Tomcat started on port(s): 8080 (http) with context path ''
2019-03-11 10:56:39.645 INFO [main]com.qn.ThymeleafApplication.logStarted:59 -Started ThymeleafApplication in 1.773 seconds (JVM running for 2.216)
2019-03-11 10:56:55.601 INFO [http-nio-8080-exec-1]o.a.catalina.core.ContainerBase.[Tomcat].[localhost].[/].log:173 -Initializing Spring DispatcherServlet 'dispatcherServlet'
2019-03-11 10:56:55.602 INFO [http-nio-8080-exec-1]org.springframework.web.servlet.DispatcherServlet.initServletBean:524 -Initializing Servlet 'dispatcherServlet'
2019-03-11 10:56:55.607 INFO [http-nio-8080-exec-1]org.springframework.web.servlet.DispatcherServlet.initServletBean:546 -Completed initialization in 5 ms
2019-03-11 10:57:03.355 INFO [Thread-7]o.s.scheduling.concurrent.ThreadPoolTaskScheduler.shutdown:208 -Shutting down ExecutorService 'taskScheduler'
2019-03-11 10:57:03.355 INFO [Thread-7]o.s.scheduling.concurrent.ThreadPoolTaskExecutor.shutdown:208 -Shutting down ExecutorService 'applicationTaskExecutor'
2019-03-11 10:57:05.598 INFO [main]com.qn.ThymeleafApplication.logStarting:50 -Starting ThymeleafApplication on yoky.local with PID 4104 (/Users/tsningning/IdeaProjects/thymeleaf/target/classes started by youq in /Users/tsningning/IdeaProjects/thymeleaf)
2019-03-11 10:57:05.605 INFO [main]com.qn.ThymeleafApplication.logStartupProfileInfo:675 -No active profile set, falling back to default profiles: default
2019-03-11 10:57:06.552 INFO [main]o.s.boot.web.embedded.tomcat.TomcatWebServer.initialize:90 -Tomcat initialized with port(s): 8080 (http)
2019-03-11 10:57:06.564 INFO [main]org.apache.coyote.http11.Http11NioProtocol.log:173 -Initializing ProtocolHandler ["http-nio-8080"]
2019-03-11 10:57:06.574 INFO [main]org.apache.catalina.core.StandardService.log:173 -Starting service [Tomcat]
2019-03-11 10:57:06.574 INFO [main]org.apache.catalina.core.StandardEngine.log:173 -Starting Servlet engine: [Apache Tomcat/9.0.16]
2019-03-11 10:57:06.580 INFO [main]org.apache.catalina.core.AprLifecycleListener.log:173 -The APR based Apache Tomcat Native library which allows optimal performance in production environments was not found on the java.library.path: [/Users/tsningning/Library/Java/Extensions:/Library/Java/Extensions:/Network/Library/Java/Extensions:/System/Library/Java/Extensions:/usr/lib/java:.]
2019-03-11 10:57:06.648 INFO [main]o.a.catalina.core.ContainerBase.[Tomcat].[localhost].[/].log:173 -Initializing Spring embedded WebApplicationContext
2019-03-11 10:57:06.648 INFO [main]org.springframework.web.context.ContextLoader.prepareWebApplicationContext:296 -Root WebApplicationContext: initialization completed in 1001 ms
2019-03-11 10:57:06.834 INFO [main]o.s.scheduling.concurrent.ThreadPoolTaskExecutor.initialize:171 -Initializing ExecutorService 'applicationTaskExecutor'
2019-03-11 10:57:06.919 INFO [main]o.s.b.a.web.servlet.WelcomePageHandlerMapping.<init>:61 -Adding welcome page template: index
2019-03-11 10:57:06.945 INFO [main]o.s.scheduling.concurrent.ThreadPoolTaskScheduler.initialize:171 -Initializing ExecutorService 'taskScheduler'
2019-03-11 10:57:06.971 INFO [main]org.apache.coyote.http11.Http11NioProtocol.log:173 -Starting ProtocolHandler ["http-nio-8080"]
2019-03-11 10:57:07.003 INFO [main]o.s.boot.web.embedded.tomcat.TomcatWebServer.start:204 -Tomcat started on port(s): 8080 (http) with context path ''
2019-03-11 10:57:07.006 INFO [main]com.qn.ThymeleafApplication.logStarted:59 -Started ThymeleafApplication in 1.819 seconds (JVM running for 2.248)
2019-03-11 10:57:22.810 INFO [Thread-7]o.s.scheduling.concurrent.ThreadPoolTaskScheduler.shutdown:208 -Shutting down ExecutorService 'taskScheduler'
2019-03-11 10:57:22.811 INFO [Thread-7]o.s.scheduling.concurrent.ThreadPoolTaskExecutor.shutdown:208 -Shutting down ExecutorService 'applicationTaskExecutor'
2019-03-11 11:05:17.923 INFO [main]com.qn.ThymeleafApplication.logStarting:50 -Starting ThymeleafApplication on yoky.local with PID 4172 (/Users/tsningning/IdeaProjects/thymeleaf/target/classes started by youq in /Users/tsningning/IdeaProjects/thymeleaf)
2019-03-11 11:05:17.925 INFO [main]com.qn.ThymeleafApplication.logStartupProfileInfo:675 -No active profile set, falling back to default profiles: default
2019-03-11 11:05:18.868 INFO [main]o.s.boot.web.embedded.tomcat.TomcatWebServer.initialize:90 -Tomcat initialized with port(s): 8080 (http)
2019-03-11 11:05:18.880 INFO [main]org.apache.coyote.http11.Http11NioProtocol.log:173 -Initializing ProtocolHandler ["http-nio-8080"]
2019-03-11 11:05:18.888 INFO [main]org.apache.catalina.core.StandardService.log:173 -Starting service [Tomcat]
2019-03-11 11:05:18.889 INFO [main]org.apache.catalina.core.StandardEngine.log:173 -Starting Servlet engine: [Apache Tomcat/9.0.16]
2019-03-11 11:05:18.893 INFO [main]org.apache.catalina.core.AprLifecycleListener.log:173 -The APR based Apache Tomcat Native library which allows optimal performance in production environments was not found on the java.library.path: [/Users/tsningning/Library/Java/Extensions:/Library/Java/Extensions:/Network/Library/Java/Extensions:/System/Library/Java/Extensions:/usr/lib/java:.]
2019-03-11 11:05:18.955 INFO [main]o.a.catalina.core.ContainerBase.[Tomcat].[localhost].[/].log:173 -Initializing Spring embedded WebApplicationContext
2019-03-11 11:05:18.955 INFO [main]org.springframework.web.context.ContextLoader.prepareWebApplicationContext:296 -Root WebApplicationContext: initialization completed in 991 ms
2019-03-11 11:05:19.137 INFO [main]o.s.scheduling.concurrent.ThreadPoolTaskExecutor.initialize:171 -Initializing ExecutorService 'applicationTaskExecutor'
2019-03-11 11:05:19.243 INFO [main]o.s.b.a.web.servlet.WelcomePageHandlerMapping.<init>:61 -Adding welcome page template: index
2019-03-11 11:05:19.287 INFO [main]o.s.scheduling.concurrent.ThreadPoolTaskScheduler.initialize:171 -Initializing ExecutorService 'taskScheduler'
2019-03-11 11:05:19.314 INFO [main]org.apache.coyote.http11.Http11NioProtocol.log:173 -Starting ProtocolHandler ["http-nio-8080"]
2019-03-11 11:05:19.346 INFO [main]o.s.boot.web.embedded.tomcat.TomcatWebServer.start:204 -Tomcat started on port(s): 8080 (http) with context path ''
2019-03-11 11:05:19.350 INFO [main]com.qn.ThymeleafApplication.logStarted:59 -Started ThymeleafApplication in 1.773 seconds (JVM running for 2.193)
2019-03-11 11:05:23.771 INFO [Thread-7]o.s.scheduling.concurrent.ThreadPoolTaskScheduler.shutdown:208 -Shutting down ExecutorService 'taskScheduler'
2019-03-11 11:05:23.773 INFO [Thread-7]o.s.scheduling.concurrent.ThreadPoolTaskExecutor.shutdown:208 -Shutting down ExecutorService 'applicationTaskExecutor'
2019-03-11 11:11:06.382 INFO [main]com.qn.ThymeleafApplication.logStarting:50 -Starting ThymeleafApplication on yoky.local with PID 4206 (/Users/tsningning/IdeaProjects/thymeleaf/target/classes started by youq in /Users/tsningning/IdeaProjects/thymeleaf)
2019-03-11 11:11:06.385 INFO [main]com.qn.ThymeleafApplication.logStartupProfileInfo:675 -No active profile set, falling back to default profiles: default
2019-03-11 11:11:07.328 INFO [main]o.s.boot.web.embedded.tomcat.TomcatWebServer.initialize:90 -Tomcat initialized with port(s): 8080 (http)
2019-03-11 11:11:07.338 INFO [main]org.apache.coyote.http11.Http11NioProtocol.log:173 -Initializing ProtocolHandler ["http-nio-8080"]
2019-03-11 11:11:07.345 INFO [main]org.apache.catalina.core.StandardService.log:173 -Starting service [Tomcat]
2019-03-11 11:11:07.345 INFO [main]org.apache.catalina.core.StandardEngine.log:173 -Starting Servlet engine: [Apache Tomcat/9.0.16]
2019-03-11 11:11:07.350 INFO [main]org.apache.catalina.core.AprLifecycleListener.log:173 -The APR based Apache Tomcat Native library which allows optimal performance in production environments was not found on the java.library.path: [/Users/tsningning/Library/Java/Extensions:/Library/Java/Extensions:/Network/Library/Java/Extensions:/System/Library/Java/Extensions:/usr/lib/java:.]
2019-03-11 11:11:07.409 INFO [main]o.a.catalina.core.ContainerBase.[Tomcat].[localhost].[/].log:173 -Initializing Spring embedded WebApplicationContext
2019-03-11 11:11:07.409 INFO [main]org.springframework.web.context.ContextLoader.prepareWebApplicationContext:296 -Root WebApplicationContext: initialization completed in 994 ms
2019-03-11 11:11:07.589 INFO [main]o.s.scheduling.concurrent.ThreadPoolTaskExecutor.initialize:171 -Initializing ExecutorService 'applicationTaskExecutor'
2019-03-11 11:11:07.701 INFO [main]o.s.b.a.web.servlet.WelcomePageHandlerMapping.<init>:61 -Adding welcome page template: index
2019-03-11 11:11:07.743 INFO [main]o.s.scheduling.concurrent.ThreadPoolTaskScheduler.initialize:171 -Initializing ExecutorService 'taskScheduler'
2019-03-11 11:11:07.770 INFO [main]org.apache.coyote.http11.Http11NioProtocol.log:173 -Starting ProtocolHandler ["http-nio-8080"]
2019-03-11 11:11:07.801 INFO [main]o.s.boot.web.embedded.tomcat.TomcatWebServer.start:204 -Tomcat started on port(s): 8080 (http) with context path ''
2019-03-11 11:11:07.804 INFO [main]com.qn.ThymeleafApplication.logStarted:59 -Started ThymeleafApplication in 1.759 seconds (JVM running for 2.175)
2019-03-11 11:11:17.486 INFO [http-nio-8080-exec-1]o.a.catalina.core.ContainerBase.[Tomcat].[localhost].[/].log:173 -Initializing Spring DispatcherServlet 'dispatcherServlet'
2019-03-11 11:11:17.486 INFO [http-nio-8080-exec-1]org.springframework.web.servlet.DispatcherServlet.initServletBean:524 -Initializing Servlet 'dispatcherServlet'
2019-03-11 11:11:17.492 INFO [http-nio-8080-exec-1]org.springframework.web.servlet.DispatcherServlet.initServletBean:546 -Completed initialization in 5 ms
2019-03-11 11:11:32.071 INFO [Thread-7]o.s.scheduling.concurrent.ThreadPoolTaskScheduler.shutdown:208 -Shutting down ExecutorService 'taskScheduler'
2019-03-11 11:11:32.072 INFO [Thread-7]o.s.scheduling.concurrent.ThreadPoolTaskExecutor.shutdown:208 -Shutting down ExecutorService 'applicationTaskExecutor'
2019-03-11 11:47:03.124 INFO [main]com.qn.ThymeleafApplication.logStarting:50 -Starting ThymeleafApplication on yoky.local with PID 4421 (/Users/tsningning/IdeaProjects/thymeleaf/target/classes started by youq in /Users/tsningning/IdeaProjects/thymeleaf)
2019-03-11 11:47:03.127 INFO [main]com.qn.ThymeleafApplication.logStartupProfileInfo:675 -No active profile set, falling back to default profiles: default
2019-03-11 11:47:04.139 INFO [main]o.s.boot.web.embedded.tomcat.TomcatWebServer.initialize:90 -Tomcat initialized with port(s): 8080 (http)
2019-03-11 11:47:04.149 INFO [main]org.apache.coyote.http11.Http11NioProtocol.log:173 -Initializing ProtocolHandler ["http-nio-8080"]
2019-03-11 11:47:04.156 INFO [main]org.apache.catalina.core.StandardService.log:173 -Starting service [Tomcat]
2019-03-11 11:47:04.156 INFO [main]org.apache.catalina.core.StandardEngine.log:173 -Starting Servlet engine: [Apache Tomcat/9.0.16]
2019-03-11 11:47:04.161 INFO [main]org.apache.catalina.core.AprLifecycleListener.log:173 -The APR based Apache Tomcat Native library which allows optimal performance in production environments was not found on the java.library.path: [/Users/tsningning/Library/Java/Extensions:/Library/Java/Extensions:/Network/Library/Java/Extensions:/System/Library/Java/Extensions:/usr/lib/java:.]
2019-03-11 11:47:04.218 INFO [main]o.a.catalina.core.ContainerBase.[Tomcat].[localhost].[/].log:173 -Initializing Spring embedded WebApplicationContext
2019-03-11 11:47:04.218 INFO [main]org.springframework.web.context.ContextLoader.prepareWebApplicationContext:296 -Root WebApplicationContext: initialization completed in 1059 ms
2019-03-11 11:47:04.407 INFO [main]o.s.scheduling.concurrent.ThreadPoolTaskExecutor.initialize:171 -Initializing ExecutorService 'applicationTaskExecutor'
2019-03-11 11:47:04.531 INFO [main]o.s.b.a.web.servlet.WelcomePageHandlerMapping.<init>:61 -Adding welcome page template: index
2019-03-11 11:47:04.559 INFO [main]o.s.scheduling.concurrent.ThreadPoolTaskScheduler.initialize:171 -Initializing ExecutorService 'taskScheduler'
2019-03-11 11:47:04.588 INFO [main]org.apache.coyote.http11.Http11NioProtocol.log:173 -Starting ProtocolHandler ["http-nio-8080"]
2019-03-11 11:47:04.621 INFO [main]o.s.boot.web.embedded.tomcat.TomcatWebServer.start:204 -Tomcat started on port(s): 8080 (http) with context path ''
2019-03-11 11:47:04.625 INFO [main]com.qn.ThymeleafApplication.logStarted:59 -Started ThymeleafApplication in 1.84 seconds (JVM running for 2.277)
2019-03-11 11:47:27.048 INFO [Thread-7]o.s.scheduling.concurrent.ThreadPoolTaskScheduler.shutdown:208 -Shutting down ExecutorService 'taskScheduler'
2019-03-11 11:47:27.049 INFO [Thread-7]o.s.scheduling.concurrent.ThreadPoolTaskExecutor.shutdown:208 -Shutting down ExecutorService 'applicationTaskExecutor'
2019-03-11 11:47:30.016 INFO [main]com.qn.ThymeleafApplication.logStarting:50 -Starting ThymeleafApplication on yoky.local with PID 4426 (/Users/tsningning/IdeaProjects/thymeleaf/target/classes started by youq in /Users/tsningning/IdeaProjects/thymeleaf)
2019-03-11 11:47:30.020 INFO [main]com.qn.ThymeleafApplication.logStartupProfileInfo:675 -No active profile set, falling back to default profiles: default
2019-03-11 11:47:30.953 INFO [main]o.s.boot.web.embedded.tomcat.TomcatWebServer.initialize:90 -Tomcat initialized with port(s): 8080 (http)
2019-03-11 11:47:30.964 INFO [main]org.apache.coyote.http11.Http11NioProtocol.log:173 -Initializing ProtocolHandler ["http-nio-8080"]
2019-03-11 11:47:30.970 INFO [main]org.apache.catalina.core.StandardService.log:173 -Starting service [Tomcat]
2019-03-11 11:47:30.971 INFO [main]org.apache.catalina.core.StandardEngine.log:173 -Starting Servlet engine: [Apache Tomcat/9.0.16]
2019-03-11 11:47:30.975 INFO [main]org.apache.catalina.core.AprLifecycleListener.log:173 -The APR based Apache Tomcat Native library which allows optimal performance in production environments was not found on the java.library.path: [/Users/tsningning/Library/Java/Extensions:/Library/Java/Extensions:/Network/Library/Java/Extensions:/System/Library/Java/Extensions:/usr/lib/java:.]
2019-03-11 11:47:31.031 INFO [main]o.a.catalina.core.ContainerBase.[Tomcat].[localhost].[/].log:173 -Initializing Spring embedded WebApplicationContext
2019-03-11 11:47:31.032 INFO [main]org.springframework.web.context.ContextLoader.prepareWebApplicationContext:296 -Root WebApplicationContext: initialization completed in 966 ms
2019-03-11 11:47:31.204 INFO [main]o.s.scheduling.concurrent.ThreadPoolTaskExecutor.initialize:171 -Initializing ExecutorService 'applicationTaskExecutor'
2019-03-11 11:47:31.305 INFO [main]o.s.b.a.web.servlet.WelcomePageHandlerMapping.<init>:61 -Adding welcome page template: index
2019-03-11 11:47:31.347 INFO [main]o.s.scheduling.concurrent.ThreadPoolTaskScheduler.initialize:171 -Initializing ExecutorService 'taskScheduler'
2019-03-11 11:47:31.374 INFO [main]org.apache.coyote.http11.Http11NioProtocol.log:173 -Starting ProtocolHandler ["http-nio-8080"]
2019-03-11 11:47:31.406 INFO [main]o.s.boot.web.embedded.tomcat.TomcatWebServer.start:204 -Tomcat started on port(s): 8080 (http) with context path ''
2019-03-11 11:47:31.410 INFO [main]com.qn.ThymeleafApplication.logStarted:59 -Started ThymeleafApplication in 1.763 seconds (JVM running for 2.219)
2019-03-11 11:47:39.264 INFO [Thread-7]o.s.scheduling.concurrent.ThreadPoolTaskScheduler.shutdown:208 -Shutting down ExecutorService 'taskScheduler'
2019-03-11 11:47:39.265 INFO [Thread-7]o.s.scheduling.concurrent.ThreadPoolTaskExecutor.shutdown:208 -Shutting down ExecutorService 'applicationTaskExecutor'
2019-03-11 11:48:51.913 INFO [main]com.qn.ThymeleafApplication.logStarting:50 -Starting ThymeleafApplication on yoky.local with PID 4434 (/Users/tsningning/IdeaProjects/thymeleaf/target/classes started by youq in /Users/tsningning/IdeaProjects/thymeleaf)
2019-03-11 11:48:51.916 INFO [main]com.qn.ThymeleafApplication.logStartupProfileInfo:675 -No active profile set, falling back to default profiles: default
2019-03-11 11:48:52.829 INFO [main]o.s.boot.web.embedded.tomcat.TomcatWebServer.initialize:90 -Tomcat initialized with port(s): 8080 (http)
2019-03-11 11:48:52.838 INFO [main]org.apache.coyote.http11.Http11NioProtocol.log:173 -Initializing ProtocolHandler ["http-nio-8080"]
2019-03-11 11:48:52.845 INFO [main]org.apache.catalina.core.StandardService.log:173 -Starting service [Tomcat]
2019-03-11 11:48:52.845 INFO [main]org.apache.catalina.core.StandardEngine.log:173 -Starting Servlet engine: [Apache Tomcat/9.0.16]
2019-03-11 11:48:52.850 INFO [main]org.apache.catalina.core.AprLifecycleListener.log:173 -The APR based Apache Tomcat Native library which allows optimal performance in production environments was not found on the java.library.path: [/Users/tsningning/Library/Java/Extensions:/Library/Java/Extensions:/Network/Library/Java/Extensions:/System/Library/Java/Extensions:/usr/lib/java:.]
2019-03-11 11:48:52.905 INFO [main]o.a.catalina.core.ContainerBase.[Tomcat].[localhost].[/].log:173 -Initializing Spring embedded WebApplicationContext
2019-03-11 11:48:52.905 INFO [main]org.springframework.web.context.ContextLoader.prepareWebApplicationContext:296 -Root WebApplicationContext: initialization completed in 955 ms
2019-03-11 11:48:53.073 INFO [main]o.s.scheduling.concurrent.ThreadPoolTaskExecutor.initialize:171 -Initializing ExecutorService 'applicationTaskExecutor'
2019-03-11 11:48:53.184 INFO [main]o.s.b.a.web.servlet.WelcomePageHandlerMapping.<init>:61 -Adding welcome page template: index
2019-03-11 11:48:53.220 INFO [main]o.s.scheduling.concurrent.ThreadPoolTaskScheduler.initialize:171 -Initializing ExecutorService 'taskScheduler'
2019-03-11 11:48:53.270 INFO [main]org.apache.coyote.http11.Http11NioProtocol.log:173 -Starting ProtocolHandler ["http-nio-8080"]
2019-03-11 11:48:53.304 INFO [main]o.s.boot.web.embedded.tomcat.TomcatWebServer.start:204 -Tomcat started on port(s): 8080 (http) with context path ''
2019-03-11 11:48:53.307 INFO [main]com.qn.ThymeleafApplication.logStarted:59 -Started ThymeleafApplication in 1.749 seconds (JVM running for 2.171)
2019-03-11 11:48:54.070 INFO [http-nio-8080-exec-1]o.a.catalina.core.ContainerBase.[Tomcat].[localhost].[/].log:173 -Initializing Spring DispatcherServlet 'dispatcherServlet'
2019-03-11 11:48:54.070 INFO [http-nio-8080-exec-1]org.springframework.web.servlet.DispatcherServlet.initServletBean:524 -Initializing Servlet 'dispatcherServlet'
2019-03-11 11:48:54.074 INFO [http-nio-8080-exec-1]org.springframework.web.servlet.DispatcherServlet.initServletBean:546 -Completed initialization in 4 ms
2019-03-11 11:49:13.157 INFO [Thread-7]o.s.scheduling.concurrent.ThreadPoolTaskScheduler.shutdown:208 -Shutting down ExecutorService 'taskScheduler'
2019-03-11 11:49:13.158 INFO [Thread-7]o.s.scheduling.concurrent.ThreadPoolTaskExecutor.shutdown:208 -Shutting down ExecutorService 'applicationTaskExecutor'
2019-03-11 11:49:28.806 INFO [main]com.qn.ThymeleafApplication.logStarting:50 -Starting ThymeleafApplication on yoky.local with PID 4449 (/Users/tsningning/IdeaProjects/thymeleaf/target/classes started by youq in /Users/tsningning/IdeaProjects/thymeleaf)
2019-03-11 11:49:28.810 INFO [main]com.qn.ThymeleafApplication.logStartupProfileInfo:675 -No active profile set, falling back to default profiles: default
2019-03-11 11:49:29.990 INFO [main]o.s.boot.web.embedded.tomcat.TomcatWebServer.initialize:90 -Tomcat initialized with port(s): 8080 (http)
2019-03-11 11:49:30.002 INFO [main]org.apache.coyote.http11.Http11NioProtocol.log:173 -Initializing ProtocolHandler ["http-nio-8080"]
2019-03-11 11:49:30.010 INFO [main]org.apache.catalina.core.StandardService.log:173 -Starting service [Tomcat]
2019-03-11 11:49:30.011 INFO [main]org.apache.catalina.core.StandardEngine.log:173 -Starting Servlet engine: [Apache Tomcat/9.0.16]
2019-03-11 11:49:30.016 INFO [main]org.apache.catalina.core.AprLifecycleListener.log:173 -The APR based Apache Tomcat Native library which allows optimal performance in production environments was not found on the java.library.path: [/Users/tsningning/Library/Java/Extensions:/Library/Java/Extensions:/Network/Library/Java/Extensions:/System/Library/Java/Extensions:/usr/lib/java:.]
2019-03-11 11:49:30.086 INFO [main]o.a.catalina.core.ContainerBase.[Tomcat].[localhost].[/].log:173 -Initializing Spring embedded WebApplicationContext
2019-03-11 11:49:30.086 INFO [main]org.springframework.web.context.ContextLoader.prepareWebApplicationContext:296 -Root WebApplicationContext: initialization completed in 1222 ms
2019-03-11 11:49:30.331 INFO [main]o.s.scheduling.concurrent.ThreadPoolTaskExecutor.initialize:171 -Initializing ExecutorService 'applicationTaskExecutor'
2019-03-11 11:49:30.441 INFO [main]o.s.b.a.web.servlet.WelcomePageHandlerMapping.<init>:61 -Adding welcome page template: index
2019-03-11 11:49:30.476 INFO [main]o.s.scheduling.concurrent.ThreadPoolTaskScheduler.initialize:171 -Initializing ExecutorService 'taskScheduler'
2019-03-11 11:49:30.508 INFO [main]org.apache.coyote.http11.Http11NioProtocol.log:173 -Starting ProtocolHandler ["http-nio-8080"]
2019-03-11 11:49:30.539 INFO [main]o.s.boot.web.embedded.tomcat.TomcatWebServer.start:204 -Tomcat started on port(s): 8080 (http) with context path ''
2019-03-11 11:49:30.543 INFO [main]com.qn.ThymeleafApplication.logStarted:59 -Started ThymeleafApplication in 2.343 seconds (JVM running for 3.085)
2019-03-11 11:49:32.093 INFO [http-nio-8080-exec-1]o.a.catalina.core.ContainerBase.[Tomcat].[localhost].[/].log:173 -Initializing Spring DispatcherServlet 'dispatcherServlet'
2019-03-11 11:49:32.093 INFO [http-nio-8080-exec-1]org.springframework.web.servlet.DispatcherServlet.initServletBean:524 -Initializing Servlet 'dispatcherServlet'
2019-03-11 11:49:32.099 INFO [http-nio-8080-exec-1]org.springframework.web.servlet.DispatcherServlet.initServletBean:546 -Completed initialization in 6 ms
2019-03-11 11:49:35.968 INFO [Thread-8]o.s.scheduling.concurrent.ThreadPoolTaskScheduler.shutdown:208 -Shutting down ExecutorService 'taskScheduler'
2019-03-11 11:49:35.969 INFO [Thread-8]o.s.scheduling.concurrent.ThreadPoolTaskExecutor.shutdown:208 -Shutting down ExecutorService 'applicationTaskExecutor'
